Using pre-set license
Built from '2021.3/staging' branch; Version is '2021.3.15f1 (e8e88683f834) revision 15263878'; Using compiler version '192829333'; Build Type 'Release'
OS: 'Windows 11  (10.0.22621) 64bit Core' Language: 'uk' Physical Memory: 15741 MB
BatchMode: 1, IsHumanControllingUs: 0, StartBugReporterOnCrash: 0, Is64bit: 1, IsPro: 1

COMMAND LINE ARGUMENTS:
F:\Unity\2021.3.15f1\Editor\Unity.exe
-adb2
-batchMode
-noUpm
-name
AssetImportWorker5
-projectPath
F:/Unity/Rekoni
-logFile
Logs/AssetImportWorker5.log
-srvPort
50744
Successfully changed project path to: F:/Unity/Rekoni
F:/Unity/Rekoni
[UnityMemory] Configuration Parameters - Can be set up in boot.config
    "memorysetup-bucket-allocator-granularity=16"
    "memorysetup-bucket-allocator-bucket-count=8"
    "memorysetup-bucket-allocator-block-size=33554432"
    "memorysetup-bucket-allocator-block-count=8"
    "memorysetup-main-allocator-block-size=16777216"
    "memorysetup-thread-allocator-block-size=16777216"
    "memorysetup-gfx-main-allocator-block-size=16777216"
    "memorysetup-gfx-thread-allocator-block-size=16777216"
    "memorysetup-cache-allocator-block-size=4194304"
    "memorysetup-typetree-allocator-block-size=2097152"
    "memorysetup-profiler-bucket-allocator-granularity=16"
    "memorysetup-profiler-bucket-allocator-bucket-count=8"
    "memorysetup-profiler-bucket-allocator-block-size=33554432"
    "memorysetup-profiler-bucket-allocator-block-count=8"
    "memorysetup-profiler-allocator-block-size=16777216"
    "memorysetup-profiler-editor-allocator-block-size=1048576"
    "memorysetup-temp-allocator-size-main=16777216"
    "memorysetup-job-temp-allocator-block-size=2097152"
    "memorysetup-job-temp-allocator-block-size-background=1048576"
    "memorysetup-job-temp-allocator-reduction-small-platforms=262144"
    "memorysetup-temp-allocator-size-background-worker=32768"
    "memorysetup-temp-allocator-size-job-worker=262144"
    "memorysetup-temp-allocator-size-preload-manager=33554432"
    "memorysetup-temp-allocator-size-nav-mesh-worker=65536"
    "memorysetup-temp-allocator-size-audio-worker=65536"
    "memorysetup-temp-allocator-size-cloud-worker=32768"
    "memorysetup-temp-allocator-size-gi-baking-worker=262144"
    "memorysetup-temp-allocator-size-gfx=262144"
Player connection [30228] Host "[IP] 192.168.1.2 [Port] 0 [Flags] 2 [Guid] 219053132 [EditorId] 219053132 [Version] 1048832 [Id] WindowsEditor(7,KyChort) [Debug] 1 [PackageName] WindowsEditor [ProjectName] Editor" joined multi-casting on [225.0.0.222:54997]...

Player connection [30228] Host "[IP] 192.168.1.2 [Port] 0 [Flags] 2 [Guid] 219053132 [EditorId] 219053132 [Version] 1048832 [Id] WindowsEditor(7,KyChort) [Debug] 1 [PackageName] WindowsEditor [ProjectName] Editor" joined alternative multi-casting on [225.0.0.222:34997]...

Refreshing native plugins compatible for Editor in 77.30 ms, found 3 plugins.
Preloading 0 native plugins for Editor in 0.00 ms.
Initialize engine version: 2021.3.15f1 (e8e88683f834)
[Subsystems] Discovering subsystems at path F:/Unity/2021.3.15f1/Editor/Data/Resources/UnitySubsystems
[Subsystems] Discovering subsystems at path F:/Unity/Rekoni/Assets
GfxDevice: creating device client; threaded=0; jobified=0
Direct3D:
    Version:  Direct3D 11.0 [level 11.1]
    Renderer: NVIDIA GeForce GTX 1650 (ID=0x1f99)
    Vendor:   NVIDIA
    VRAM:     3950 MB
    Driver:   31.0.15.3623
Initialize mono
Mono path[0] = 'F:/Unity/2021.3.15f1/Editor/Data/Managed'
Mono path[1] = 'F:/Unity/2021.3.15f1/Editor/Data/MonoBleedingEdge/lib/mono/unityjit-win32'
Mono config path = 'F:/Unity/2021.3.15f1/Editor/Data/MonoBleedingEdge/etc'
Using monoOptions --debugger-agent=transport=dt_socket,embedding=1,server=y,suspend=n,address=127.0.0.1:56384
Begin MonoManager ReloadAssembly
Registering precompiled unity dll's ...
Register platform support module: F:/Unity/2021.3.15f1/Editor/Data/PlaybackEngines/AndroidPlayer/UnityEditor.Android.Extensions.dll
Register platform support module: F:/Unity/2021.3.15f1/Editor/Data/PlaybackEngines/iOSSupport/UnityEditor.iOS.Extensions.dll
Register platform support module: F:/Unity/2021.3.15f1/Editor/Data/PlaybackEngines/WindowsStandaloneSupport/UnityEditor.WindowsStandalone.Extensions.dll
Register platform support module: F:/Unity/2021.3.15f1/Editor/Data/PlaybackEngines/MetroSupport/UnityEditor.UWP.Extensions.dll
Registered in 0.005962 seconds.
Native extension for UWP target not found
Native extension for WindowsStandalone target not found
[usbmuxd] Start listen thread
[usbmuxd] Listen thread started
Native extension for iOS target not found
Native extension for Android target not found
Refreshing native plugins compatible for Editor in 75.00 ms, found 3 plugins.
Preloading 0 native plugins for Editor in 0.00 ms.
Mono: successfully reloaded assembly
- Completed reload, in  0.677 seconds
Domain Reload Profiling:
	ReloadAssembly (677ms)
		BeginReloadAssembly (71ms)
			ExecutionOrderSort (0ms)
			DisableScriptedObjects (0ms)
			BackupInstance (0ms)
			ReleaseScriptingObjects (0ms)
			CreateAndSetChildDomain (1ms)
		EndReloadAssembly (490ms)
			LoadAssemblies (70ms)
			RebuildTransferFunctionScriptingTraits (0ms)
			SetupTypeCache (132ms)
			ReleaseScriptCaches (0ms)
			RebuildScriptCaches (29ms)
			SetupLoadedEditorAssemblies (277ms)
				LogAssemblyErrors (0ms)
				InitializePlatformSupportModulesInManaged (64ms)
				SetLoadedEditorAssemblies (2ms)
				RefreshPlugins (75ms)
				BeforeProcessingInitializeOnLoad (1ms)
				ProcessInitializeOnLoadAttributes (91ms)
				ProcessInitializeOnLoadMethodAttributes (44ms)
				AfterProcessingInitializeOnLoad (0ms)
				EditorAssembliesLoaded (0ms)
			ExecutionOrderSort2 (0ms)
			AwakeInstancesAfterBackupRestoration (0ms)
Platform modules already initialized, skipping
Registering precompiled user dll's ...
Registered in 0.004535 seconds.
Begin MonoManager ReloadAssembly
Symbol file LoadedFromMemory doesn't match image F:\Unity\Rekoni\Library\PackageCache\com.unity.visualscripting@1.7.8\Editor\VisualScripting.Core\Dependencies\YamlDotNet\Unity.VisualScripting.YamlDotNet.dll
Symbol file LoadedFromMemory doesn't match image F:\Unity\Rekoni\Library\PackageCache\com.unity.visualscripting@1.7.8\Editor\VisualScripting.Core\Dependencies\DotNetZip\Unity.VisualScripting.IonicZip.dll
Native extension for UWP target not found
Native extension for WindowsStandalone target not found
Native extension for iOS target not found
Native extension for Android target not found
Refreshing native plugins compatible for Editor in 0.59 ms, found 3 plugins.
Preloading 0 native plugins for Editor in 0.00 ms.
Mono: successfully reloaded assembly
- Completed reload, in  1.110 seconds
Domain Reload Profiling:
	ReloadAssembly (1111ms)
		BeginReloadAssembly (205ms)
			ExecutionOrderSort (0ms)
			DisableScriptedObjects (6ms)
			BackupInstance (0ms)
			ReleaseScriptingObjects (0ms)
			CreateAndSetChildDomain (126ms)
		EndReloadAssembly (798ms)
			LoadAssemblies (71ms)
			RebuildTransferFunctionScriptingTraits (0ms)
			SetupTypeCache (280ms)
			ReleaseScriptCaches (1ms)
			RebuildScriptCaches (52ms)
			SetupLoadedEditorAssemblies (351ms)
				LogAssemblyErrors (0ms)
				InitializePlatformSupportModulesInManaged (23ms)
				SetLoadedEditorAssemblies (0ms)
				RefreshPlugins (1ms)
				BeforeProcessingInitializeOnLoad (76ms)
				ProcessInitializeOnLoadAttributes (223ms)
				ProcessInitializeOnLoadMethodAttributes (23ms)
				AfterProcessingInitializeOnLoad (5ms)
				EditorAssembliesLoaded (0ms)
			ExecutionOrderSort2 (0ms)
			AwakeInstancesAfterBackupRestoration (5ms)
Platform modules already initialized, skipping
========================================================================
Worker process is ready to serve import requests
Launched and connected shader compiler UnityShaderCompiler.exe after 0.08 seconds
Refreshing native plugins compatible for Editor in 0.59 ms, found 3 plugins.
Preloading 0 native plugins for Editor in 0.00 ms.
Unloading 3401 Unused Serialized files (Serialized files now loaded: 0)
Unloading 25 unused Assets / (56.0 KB). Loaded Objects now: 3863.
Memory consumption went from 116.8 MB to 116.8 MB.
Total: 3.097600 ms (FindLiveObjects: 0.288300 ms CreateObjectMapping: 0.095800 ms MarkObjects: 2.634800 ms  DeleteObjects: 0.077500 ms)

AssetImportParameters requested are different than current active one (requested -> active):
  custom:video-decoder-ogg-theora: a1e56fd34408186e4bbccfd4996cb3dc -> 
  custom:container-muxer-webm: aa71ff27fc2769a1b78a27578f13a17b -> 
  custom:container-demuxer-webm: 4f35f7cbe854078d1ac9338744f61a02 -> 
  custom:video-encoder-webm-vp8: eb34c28f22e8b96e1ab97ce403110664 -> 
  custom:video-codec-MediaFoundation-h265: 746d11721c4dcdbdad8f713fa42b33f4 -> 
  custom:audio-encoder-webm-vorbis: bf7c407c2cedff20999df2af8eb42d56 -> 
  custom:framework-win-MediaFoundation: 216162199b28c13a410421893ffa2e32 -> 
  custom:container-demuxer-ogg: 62fdf1f143b41e24485cea50d1cbac27 -> 
  custom:video-decoder-webm-vp8: 9c59270c3fd7afecdb556c50c9e8de78 -> 
  custom:audio-decoder-ogg-vorbis: bf7c407c2cedff20999df2af8eb42d56 -> 
========================================================================
Received Import Request.
  Time since last request: 16163.408025 seconds.
  path: Assets/Enemys/Big/FBX/Birb.fbx
  artifactKey: Guid(0baf65771db094d4fa9dfb31739d793a) Importer(815301076,1909f56bfc062723c751e8b465ee728b)
Start importing Assets/Enemys/Big/FBX/Birb.fbx using Guid(0baf65771db094d4fa9dfb31739d793a) Importer(815301076,1909f56bfc062723c751e8b465ee728b)  -> (artifact id: '3294dee5f9595a34d4ee53331d0c5d8a') in 3.488856 seconds 
========================================================================
Received Import Request.
  Time since last request: 22.707433 seconds.
  path: Assets/Enemys/Big/OBJ/Birb.obj
  artifactKey: Guid(e22939ba34161cd41accd153225d4379) Importer(815301076,1909f56bfc062723c751e8b465ee728b)
Start importing Assets/Enemys/Big/OBJ/Birb.obj using Guid(e22939ba34161cd41accd153225d4379) Importer(815301076,1909f56bfc062723c751e8b465ee728b)  -> (artifact id: 'd679d0fe0ad86218c6dadc5ee4ce4230') in 0.038754 seconds 
========================================================================
Received Import Request.
  Time since last request: 0.000036 seconds.
  path: Assets/Enemys/Big/OBJ/Ninja.obj
  artifactKey: Guid(3e435e5a8f806364084f8fad7c9da52a) Importer(815301076,1909f56bfc062723c751e8b465ee728b)
Start importing Assets/Enemys/Big/OBJ/Ninja.obj using Guid(3e435e5a8f806364084f8fad7c9da52a) Importer(815301076,1909f56bfc062723c751e8b465ee728b)  -> (artifact id: '5db58002f0b1c73048b401765060638e') in 0.049143 seconds 
========================================================================
Received Import Request.
  Time since last request: 0.000034 seconds.
  path: Assets/Enemys/Big/OBJ/Frog.obj
  artifactKey: Guid(8077a7e3da6c13a49ba57eae905c8eae) Importer(815301076,1909f56bfc062723c751e8b465ee728b)
Start importing Assets/Enemys/Big/OBJ/Frog.obj using Guid(8077a7e3da6c13a49ba57eae905c8eae) Importer(815301076,1909f56bfc062723c751e8b465ee728b)  -> (artifact id: '3703a1abc98f2915bd5821dd0620af01') in 0.040091 seconds 
========================================================================
Received Import Request.
  Time since last request: 0.000025 seconds.
  path: Assets/Enemys/Big/OBJ/Cactoro.obj
  artifactKey: Guid(f4e44ea3c80de214d8b95f71fe42eec2) Importer(815301076,1909f56bfc062723c751e8b465ee728b)
Start importing Assets/Enemys/Big/OBJ/Cactoro.obj using Guid(f4e44ea3c80de214d8b95f71fe42eec2) Importer(815301076,1909f56bfc062723c751e8b465ee728b)  -> (artifact id: 'ca529a72bd5b9585d36f65f0f866ce8a') in 0.044265 seconds 
========================================================================
Received Import Request.
  Time since last request: 0.000022 seconds.
  path: Assets/Enemys/Big/OBJ/MushroomKing.obj
  artifactKey: Guid(83f6ee6ce88769d4ab072e2248a54eaf) Importer(815301076,1909f56bfc062723c751e8b465ee728b)
Start importing Assets/Enemys/Big/OBJ/MushroomKing.obj using Guid(83f6ee6ce88769d4ab072e2248a54eaf) Importer(815301076,1909f56bfc062723c751e8b465ee728b)  -> (artifact id: 'bd1315ff45e638a4f49df4e69e6517a4') in 0.037914 seconds 
========================================================================
Received Import Request.
  Time since last request: 0.000031 seconds.
  path: Assets/Enemys/Big/OBJ/Monkroose.obj
  artifactKey: Guid(9bebee2bf8cadcb47aaf1ca0bb0eebdb) Importer(815301076,1909f56bfc062723c751e8b465ee728b)
Start importing Assets/Enemys/Big/OBJ/Monkroose.obj using Guid(9bebee2bf8cadcb47aaf1ca0bb0eebdb) Importer(815301076,1909f56bfc062723c751e8b465ee728b)  -> (artifact id: 'c8d4b6254517a68ea6ce2987f1e137f1') in 0.043594 seconds 
========================================================================
Received Import Request.
  Time since last request: 0.000035 seconds.
  path: Assets/Enemys/Big/OBJ/Yeti.obj
  artifactKey: Guid(dfe343595ce776b458efcc558dc49c6b) Importer(815301076,1909f56bfc062723c751e8b465ee728b)
Start importing Assets/Enemys/Big/OBJ/Yeti.obj using Guid(dfe343595ce776b458efcc558dc49c6b) Importer(815301076,1909f56bfc062723c751e8b465ee728b)  -> (artifact id: '2e7d31cdc1b4125bd1e3455f4050e87a') in 0.045294 seconds 
