Using pre-set license
Built from '2021.3/staging' branch; Version is '2021.3.15f1 (e8e88683f834) revision 15263878'; Using compiler version '192829333'; Build Type 'Release'
OS: 'Windows 11  (10.0.22621) 64bit Professional' Language: 'en' Physical Memory: 14274 MB
BatchMode: 1, IsHumanControllingUs: 0, StartBugReporterOnCrash: 0, Is64bit: 1, IsPro: 1

COMMAND LINE ARGUMENTS:
H:\Unique\UnityVersions\2021.3.15f1\Editor\Unity.exe
-adb2
-batchMode
-noUpm
-name
AssetImportWorker0
-projectPath
H:/Unique/gitSAVES/Rekoni
-logFile
Logs/AssetImportWorker0.log
-srvPort
52459
Successfully changed project path to: H:/Unique/gitSAVES/Rekoni
H:/Unique/gitSAVES/Rekoni
[UnityMemory] Configuration Parameters - Can be set up in boot.config
    "memorysetup-bucket-allocator-granularity=16"
    "memorysetup-bucket-allocator-bucket-count=8"
    "memorysetup-bucket-allocator-block-size=33554432"
    "memorysetup-bucket-allocator-block-count=8"
    "memorysetup-main-allocator-block-size=16777216"
    "memorysetup-thread-allocator-block-size=16777216"
    "memorysetup-gfx-main-allocator-block-size=16777216"
    "memorysetup-gfx-thread-allocator-block-size=16777216"
    "memorysetup-cache-allocator-block-size=4194304"
    "memorysetup-typetree-allocator-block-size=2097152"
    "memorysetup-profiler-bucket-allocator-granularity=16"
    "memorysetup-profiler-bucket-allocator-bucket-count=8"
    "memorysetup-profiler-bucket-allocator-block-size=33554432"
    "memorysetup-profiler-bucket-allocator-block-count=8"
    "memorysetup-profiler-allocator-block-size=16777216"
    "memorysetup-profiler-editor-allocator-block-size=1048576"
    "memorysetup-temp-allocator-size-main=16777216"
    "memorysetup-job-temp-allocator-block-size=2097152"
    "memorysetup-job-temp-allocator-block-size-background=1048576"
    "memorysetup-job-temp-allocator-reduction-small-platforms=262144"
    "memorysetup-temp-allocator-size-background-worker=32768"
    "memorysetup-temp-allocator-size-job-worker=262144"
    "memorysetup-temp-allocator-size-preload-manager=33554432"
    "memorysetup-temp-allocator-size-nav-mesh-worker=65536"
    "memorysetup-temp-allocator-size-audio-worker=65536"
    "memorysetup-temp-allocator-size-cloud-worker=32768"
    "memorysetup-temp-allocator-size-gi-baking-worker=262144"
    "memorysetup-temp-allocator-size-gfx=262144"
Player connection [13576] Host "[IP] 192.168.31.130 [Port] 0 [Flags] 2 [Guid] 1488143539 [EditorId] 1488143539 [Version] 1048832 [Id] WindowsEditor(7,MeineSpaziren) [Debug] 1 [PackageName] WindowsEditor [ProjectName] Editor" joined multi-casting on [225.0.0.222:54997]...

Player connection [13576] Host "[IP] 192.168.31.130 [Port] 0 [Flags] 2 [Guid] 1488143539 [EditorId] 1488143539 [Version] 1048832 [Id] WindowsEditor(7,MeineSpaziren) [Debug] 1 [PackageName] WindowsEditor [ProjectName] Editor" joined alternative multi-casting on [225.0.0.222:34997]...

Refreshing native plugins compatible for Editor in 508.82 ms, found 3 plugins.
Preloading 0 native plugins for Editor in 0.00 ms.
Initialize engine version: 2021.3.15f1 (e8e88683f834)
[Subsystems] Discovering subsystems at path H:/Unique/UnityVersions/2021.3.15f1/Editor/Data/Resources/UnitySubsystems
[Subsystems] Discovering subsystems at path H:/Unique/gitSAVES/Rekoni/Assets
GfxDevice: creating device client; threaded=0; jobified=0
Direct3D:
    Version:  Direct3D 11.0 [level 11.1]
    Renderer: NVIDIA GeForce GTX 1650 (ID=0x1f91)
    Vendor:   NVIDIA
    VRAM:     3952 MB
    Driver:   31.0.15.3667
Initialize mono
Mono path[0] = 'H:/Unique/UnityVersions/2021.3.15f1/Editor/Data/Managed'
Mono path[1] = 'H:/Unique/UnityVersions/2021.3.15f1/Editor/Data/MonoBleedingEdge/lib/mono/unityjit-win32'
Mono config path = 'H:/Unique/UnityVersions/2021.3.15f1/Editor/Data/MonoBleedingEdge/etc'
Using monoOptions --debugger-agent=transport=dt_socket,embedding=1,server=y,suspend=n,address=127.0.0.1:56780
Begin MonoManager ReloadAssembly
Registering precompiled unity dll's ...
Register platform support module: H:/Unique/UnityVersions/2021.3.15f1/Editor/Data/PlaybackEngines/WindowsStandaloneSupport/UnityEditor.WindowsStandalone.Extensions.dll
Registered in 0.008597 seconds.
Native extension for WindowsStandalone target not found
Refreshing native plugins compatible for Editor in 529.10 ms, found 3 plugins.
Preloading 0 native plugins for Editor in 0.00 ms.
Mono: successfully reloaded assembly
- Completed reload, in  2.986 seconds
Domain Reload Profiling:
	ReloadAssembly (2988ms)
		BeginReloadAssembly (415ms)
			ExecutionOrderSort (0ms)
			DisableScriptedObjects (0ms)
			BackupInstance (0ms)
			ReleaseScriptingObjects (0ms)
			CreateAndSetChildDomain (5ms)
		EndReloadAssembly (2192ms)
			LoadAssemblies (410ms)
			RebuildTransferFunctionScriptingTraits (0ms)
			SetupTypeCache (403ms)
			ReleaseScriptCaches (0ms)
			RebuildScriptCaches (123ms)
			SetupLoadedEditorAssemblies (1480ms)
				LogAssemblyErrors (0ms)
				InitializePlatformSupportModulesInManaged (24ms)
				SetLoadedEditorAssemblies (1ms)
				RefreshPlugins (529ms)
				BeforeProcessingInitializeOnLoad (6ms)
				ProcessInitializeOnLoadAttributes (738ms)
				ProcessInitializeOnLoadMethodAttributes (180ms)
				AfterProcessingInitializeOnLoad (0ms)
				EditorAssembliesLoaded (1ms)
			ExecutionOrderSort2 (0ms)
			AwakeInstancesAfterBackupRestoration (0ms)
Platform modules already initialized, skipping
Registering precompiled user dll's ...
Registered in 0.029512 seconds.
Begin MonoManager ReloadAssembly
Symbol file LoadedFromMemory doesn't match image H:\Unique\gitSAVES\Rekoni\Library\PackageCache\com.unity.visualscripting@1.7.8\Editor\VisualScripting.Core\Dependencies\YamlDotNet\Unity.VisualScripting.YamlDotNet.dll
Symbol file LoadedFromMemory doesn't match image H:\Unique\gitSAVES\Rekoni\Library\PackageCache\com.unity.visualscripting@1.7.8\Editor\VisualScripting.Core\Dependencies\DotNetZip\Unity.VisualScripting.IonicZip.dll
Native extension for WindowsStandalone target not found
Refreshing native plugins compatible for Editor in 432.48 ms, found 3 plugins.
Preloading 0 native plugins for Editor in 0.00 ms.
Mono: successfully reloaded assembly
- Completed reload, in  5.264 seconds
Domain Reload Profiling:
	ReloadAssembly (5267ms)
		BeginReloadAssembly (437ms)
			ExecutionOrderSort (0ms)
			DisableScriptedObjects (25ms)
			BackupInstance (0ms)
			ReleaseScriptingObjects (1ms)
			CreateAndSetChildDomain (59ms)
		EndReloadAssembly (4432ms)
			LoadAssemblies (404ms)
			RebuildTransferFunctionScriptingTraits (0ms)
			SetupTypeCache (1320ms)
			ReleaseScriptCaches (2ms)
			RebuildScriptCaches (338ms)
			SetupLoadedEditorAssemblies (2303ms)
				LogAssemblyErrors (0ms)
				InitializePlatformSupportModulesInManaged (15ms)
				SetLoadedEditorAssemblies (1ms)
				RefreshPlugins (433ms)
				BeforeProcessingInitializeOnLoad (429ms)
				ProcessInitializeOnLoadAttributes (1126ms)
				ProcessInitializeOnLoadMethodAttributes (291ms)
				AfterProcessingInitializeOnLoad (8ms)
				EditorAssembliesLoaded (1ms)
			ExecutionOrderSort2 (0ms)
			AwakeInstancesAfterBackupRestoration (20ms)
Platform modules already initialized, skipping
========================================================================
Worker process is ready to serve import requests
Launched and connected shader compiler UnityShaderCompiler.exe after 0.11 seconds
Refreshing native plugins compatible for Editor in 3.64 ms, found 3 plugins.
Preloading 0 native plugins for Editor in 0.00 ms.
Unloading 5971 Unused Serialized files (Serialized files now loaded: 0)
Unloading 47 unused Assets / (2.7 MB). Loaded Objects now: 6448.
Memory consumption went from 357.3 MB to 354.6 MB.
Total: 14.050300 ms (FindLiveObjects: 1.010000 ms CreateObjectMapping: 1.666400 ms MarkObjects: 8.629500 ms  DeleteObjects: 2.741100 ms)

AssetImportParameters requested are different than current active one (requested -> active):
  custom:video-decoder-ogg-theora: a1e56fd34408186e4bbccfd4996cb3dc -> 
  custom:container-muxer-webm: aa71ff27fc2769a1b78a27578f13a17b -> 
  custom:container-demuxer-webm: 4f35f7cbe854078d1ac9338744f61a02 -> 
  custom:video-encoder-webm-vp8: eb34c28f22e8b96e1ab97ce403110664 -> 
  custom:video-codec-MediaFoundation-h265: 746d11721c4dcdbdad8f713fa42b33f4 -> 
  custom:audio-encoder-webm-vorbis: bf7c407c2cedff20999df2af8eb42d56 -> 
  custom:framework-win-MediaFoundation: 216162199b28c13a410421893ffa2e32 -> 
  custom:container-demuxer-ogg: 62fdf1f143b41e24485cea50d1cbac27 -> 
  custom:video-decoder-webm-vp8: 9c59270c3fd7afecdb556c50c9e8de78 -> 
  custom:audio-decoder-ogg-vorbis: bf7c407c2cedff20999df2af8eb42d56 -> 
========================================================================
Received Import Request.
  Time since last request: 1620.011462 seconds.
  path: Assets/Enemys/Big/FBX/Birb_Check.fbx
  artifactKey: Guid(449cde927d15ba747b5d6b87118db1fa) Importer(815301076,1909f56bfc062723c751e8b465ee728b)
Start importing Assets/Enemys/Big/FBX/Birb_Check.fbx using Guid(449cde927d15ba747b5d6b87118db1fa) Importer(815301076,1909f56bfc062723c751e8b465ee728b)  -> (artifact id: 'bdc72d02a291915eb481add75dc13625') in 1.121345 seconds 
========================================================================
Received Import Request.
  Time since last request: 188.894557 seconds.
  path: Assets/ibah555TexturePack/StunedEffect
  artifactKey: Guid(03a7bf34fa46c234db2b645d4d687b0d) Importer(815301076,1909f56bfc062723c751e8b465ee728b)
Start importing Assets/ibah555TexturePack/StunedEffect using Guid(03a7bf34fa46c234db2b645d4d687b0d) Importer(815301076,1909f56bfc062723c751e8b465ee728b)  -> (artifact id: '437fc7e4b7abde03692a3da9f824a857') in 0.017264 seconds 
========================================================================
Received Import Request.
  Time since last request: 16.947363 seconds.
  path: Assets/ibah555TexturePack/StunedEffect/Stunned.vfx
  artifactKey: Guid(d53e4102a7503b34c98b2a0dc6cf4cb0) Importer(815301076,1909f56bfc062723c751e8b465ee728b)
Start importing Assets/ibah555TexturePack/StunedEffect/Stunned.vfx using Guid(d53e4102a7503b34c98b2a0dc6cf4cb0) Importer(815301076,1909f56bfc062723c751e8b465ee728b)  -> (artifact id: '0ef8b03e1c0213340aaab2c9ef02317b') in 0.689433 seconds 
========================================================================
Received Import Request.
  Time since last request: 112.375683 seconds.
  path: Assets/ibah555TexturePack/Slash/Slash_VFX.vfx
  artifactKey: Guid(1fe464a04641e7c4cacc4387326d5f0e) Importer(815301076,1909f56bfc062723c751e8b465ee728b)
Start importing Assets/ibah555TexturePack/Slash/Slash_VFX.vfx using Guid(1fe464a04641e7c4cacc4387326d5f0e) Importer(815301076,1909f56bfc062723c751e8b465ee728b)  -> (artifact id: '805a0ce2306765f7f3d2c980a1d2a0b5') in 0.066754 seconds 
========================================================================
Received Import Request.
  Time since last request: 99.104617 seconds.
  path: Assets/ibah555TexturePack/StunedEffect/Stunned.vfx
  artifactKey: Guid(d53e4102a7503b34c98b2a0dc6cf4cb0) Importer(815301076,1909f56bfc062723c751e8b465ee728b)
Start importing Assets/ibah555TexturePack/StunedEffect/Stunned.vfx using Guid(d53e4102a7503b34c98b2a0dc6cf4cb0) Importer(815301076,1909f56bfc062723c751e8b465ee728b)  -> (artifact id: '117c0ab0bf805268b4008e5f03e334fc') in 0.515594 seconds 
========================================================================
Received Import Request.
  Time since last request: 11.048260 seconds.
  path: Assets/ibah555TexturePack/StunedEffect/Stunned.vfx
  artifactKey: Guid(d53e4102a7503b34c98b2a0dc6cf4cb0) Importer(815301076,1909f56bfc062723c751e8b465ee728b)
Start importing Assets/ibah555TexturePack/StunedEffect/Stunned.vfx using Guid(d53e4102a7503b34c98b2a0dc6cf4cb0) Importer(815301076,1909f56bfc062723c751e8b465ee728b)  -> (artifact id: '9d4c91e8901bf7c9161a1f929ccade51') in 2.612715 seconds 
========================================================================
Received Import Request.
  Time since last request: 151.667255 seconds.
  path: Assets/ibah555TexturePack/StunedEffect/Stunned.vfx
  artifactKey: Guid(d53e4102a7503b34c98b2a0dc6cf4cb0) Importer(815301076,1909f56bfc062723c751e8b465ee728b)
Start importing Assets/ibah555TexturePack/StunedEffect/Stunned.vfx using Guid(d53e4102a7503b34c98b2a0dc6cf4cb0) Importer(815301076,1909f56bfc062723c751e8b465ee728b)  -> (artifact id: '0147bb60a922ecd3f3f3e287b9c98f42') in 1.605738 seconds 
========================================================================
Received Import Request.
  Time since last request: 15.675795 seconds.
  path: Assets/ibah555TexturePack/StunedEffect/Stunned.vfx
  artifactKey: Guid(d53e4102a7503b34c98b2a0dc6cf4cb0) Importer(815301076,1909f56bfc062723c751e8b465ee728b)
Start importing Assets/ibah555TexturePack/StunedEffect/Stunned.vfx using Guid(d53e4102a7503b34c98b2a0dc6cf4cb0) Importer(815301076,1909f56bfc062723c751e8b465ee728b)  -> (artifact id: 'e97f09f3529c21a4e5ce420c59e19cd5') in 1.572728 seconds 
========================================================================
Received Import Request.
  Time since last request: 505.582898 seconds.
  path: Assets/ibah555TexturePack/StunedEffect/Stunned.vfx
  artifactKey: Guid(d53e4102a7503b34c98b2a0dc6cf4cb0) Importer(815301076,1909f56bfc062723c751e8b465ee728b)
Start importing Assets/ibah555TexturePack/StunedEffect/Stunned.vfx using Guid(d53e4102a7503b34c98b2a0dc6cf4cb0) Importer(815301076,1909f56bfc062723c751e8b465ee728b)  -> (artifact id: '3c2fabcae6b0783b003bdbecf37d8ab1') in 2.779284 seconds 
========================================================================
Received Import Request.
  Time since last request: 94.462267 seconds.
  path: Assets/ibah555TexturePack/StunedEffect/Stunned.vfx
  artifactKey: Guid(d53e4102a7503b34c98b2a0dc6cf4cb0) Importer(815301076,1909f56bfc062723c751e8b465ee728b)
Start importing Assets/ibah555TexturePack/StunedEffect/Stunned.vfx using Guid(d53e4102a7503b34c98b2a0dc6cf4cb0) Importer(815301076,1909f56bfc062723c751e8b465ee728b)  -> (artifact id: 'aa5e4bee6e37ca10a12e5ea429ef72d5') in 2.697829 seconds 
========================================================================
Received Import Request.
  Time since last request: 38.923408 seconds.
  path: Assets/ibah555TexturePack/StunedEffect/Stunned.vfx
  artifactKey: Guid(d53e4102a7503b34c98b2a0dc6cf4cb0) Importer(815301076,1909f56bfc062723c751e8b465ee728b)
Start importing Assets/ibah555TexturePack/StunedEffect/Stunned.vfx using Guid(d53e4102a7503b34c98b2a0dc6cf4cb0) Importer(815301076,1909f56bfc062723c751e8b465ee728b)  -> (artifact id: 'bf092d87a7066b93360e049fa1fb8d16') in 2.873016 seconds 
========================================================================
Received Import Request.
  Time since last request: 12.410513 seconds.
  path: Assets/ibah555TexturePack/StunedEffect/Stunned.vfx
  artifactKey: Guid(d53e4102a7503b34c98b2a0dc6cf4cb0) Importer(815301076,1909f56bfc062723c751e8b465ee728b)
Start importing Assets/ibah555TexturePack/StunedEffect/Stunned.vfx using Guid(d53e4102a7503b34c98b2a0dc6cf4cb0) Importer(815301076,1909f56bfc062723c751e8b465ee728b)  -> (artifact id: '364df17e59762b7e6a2fc3bcc4e2ccaf') in 2.833178 seconds 
========================================================================
Received Import Request.
  Time since last request: 22.594812 seconds.
  path: Assets/ibah555TexturePack/StunedEffect/Stunned.vfx
  artifactKey: Guid(d53e4102a7503b34c98b2a0dc6cf4cb0) Importer(815301076,1909f56bfc062723c751e8b465ee728b)
Start importing Assets/ibah555TexturePack/StunedEffect/Stunned.vfx using Guid(d53e4102a7503b34c98b2a0dc6cf4cb0) Importer(815301076,1909f56bfc062723c751e8b465ee728b)  -> (artifact id: 'ae4e3e4be408bb37ac5ff60ed3a91b12') in 2.729867 seconds 
========================================================================
Received Import Request.
  Time since last request: 39.156618 seconds.
  path: Assets/ibah555TexturePack/StunedEffect/Stunned.vfx
  artifactKey: Guid(d53e4102a7503b34c98b2a0dc6cf4cb0) Importer(815301076,1909f56bfc062723c751e8b465ee728b)
Start importing Assets/ibah555TexturePack/StunedEffect/Stunned.vfx using Guid(d53e4102a7503b34c98b2a0dc6cf4cb0) Importer(815301076,1909f56bfc062723c751e8b465ee728b)  -> (artifact id: '12ab48428fc87fde0cc9f66e76516189') in 1.340453 seconds 
========================================================================
Received Import Request.
  Time since last request: 11.491750 seconds.
  path: Assets/ibah555TexturePack/StunedEffect/Stunned.vfx
  artifactKey: Guid(d53e4102a7503b34c98b2a0dc6cf4cb0) Importer(815301076,1909f56bfc062723c751e8b465ee728b)
Start importing Assets/ibah555TexturePack/StunedEffect/Stunned.vfx using Guid(d53e4102a7503b34c98b2a0dc6cf4cb0) Importer(815301076,1909f56bfc062723c751e8b465ee728b)  -> (artifact id: '4d05a6e8445d8b68571f6cd20618e0bf') in 1.279683 seconds 
========================================================================
Received Import Request.
  Time since last request: 199.749656 seconds.
  path: Assets/ibah555TexturePack/StunedEffect/Stunned.vfx
  artifactKey: Guid(d53e4102a7503b34c98b2a0dc6cf4cb0) Importer(815301076,1909f56bfc062723c751e8b465ee728b)
Start importing Assets/ibah555TexturePack/StunedEffect/Stunned.vfx using Guid(d53e4102a7503b34c98b2a0dc6cf4cb0) Importer(815301076,1909f56bfc062723c751e8b465ee728b)  -> (artifact id: 'd7254b7b01ddb083bfce1694b966f168') in 3.051725 seconds 
========================================================================
Received Import Request.
  Time since last request: 95.891196 seconds.
  path: Assets/ibah555TexturePack/StunedEffect/Stunned.vfx
  artifactKey: Guid(d53e4102a7503b34c98b2a0dc6cf4cb0) Importer(815301076,1909f56bfc062723c751e8b465ee728b)
Start importing Assets/ibah555TexturePack/StunedEffect/Stunned.vfx using Guid(d53e4102a7503b34c98b2a0dc6cf4cb0) Importer(815301076,1909f56bfc062723c751e8b465ee728b)  -> (artifact id: '72b629a8f7f9f2293f5f951301b53a72') in 2.550092 seconds 
========================================================================
Received Import Request.
  Time since last request: 62.425582 seconds.
  path: Assets/ibah555TexturePack/StunedEffect/Stunned.vfx
  artifactKey: Guid(d53e4102a7503b34c98b2a0dc6cf4cb0) Importer(815301076,1909f56bfc062723c751e8b465ee728b)
Start importing Assets/ibah555TexturePack/StunedEffect/Stunned.vfx using Guid(d53e4102a7503b34c98b2a0dc6cf4cb0) Importer(815301076,1909f56bfc062723c751e8b465ee728b)  -> (artifact id: '5f928f0bec96f74be5dacb622bf77b32') in 2.605297 seconds 
========================================================================
Received Import Request.
  Time since last request: 29.714406 seconds.
  path: Assets/ibah555TexturePack/StunedEffect/Stunned.vfx
  artifactKey: Guid(d53e4102a7503b34c98b2a0dc6cf4cb0) Importer(815301076,1909f56bfc062723c751e8b465ee728b)
Start importing Assets/ibah555TexturePack/StunedEffect/Stunned.vfx using Guid(d53e4102a7503b34c98b2a0dc6cf4cb0) Importer(815301076,1909f56bfc062723c751e8b465ee728b)  -> (artifact id: '43c9b9656e7cbf4614af42d238ecc76f') in 3.085663 seconds 
========================================================================
Received Import Request.
  Time since last request: 185.170113 seconds.
  path: Assets/ibah555TexturePack/StunedEffect/Stunned.vfx
  artifactKey: Guid(d53e4102a7503b34c98b2a0dc6cf4cb0) Importer(815301076,1909f56bfc062723c751e8b465ee728b)
Start importing Assets/ibah555TexturePack/StunedEffect/Stunned.vfx using Guid(d53e4102a7503b34c98b2a0dc6cf4cb0) Importer(815301076,1909f56bfc062723c751e8b465ee728b)  -> (artifact id: 'fa179e4a1a32435b29eb6868bb2a6171') in 3.032167 seconds 
========================================================================
Received Import Request.
  Time since last request: 45.693846 seconds.
  path: Assets/ibah555TexturePack/StunedEffect/Stunned.vfx
  artifactKey: Guid(d53e4102a7503b34c98b2a0dc6cf4cb0) Importer(815301076,1909f56bfc062723c751e8b465ee728b)
Start importing Assets/ibah555TexturePack/StunedEffect/Stunned.vfx using Guid(d53e4102a7503b34c98b2a0dc6cf4cb0) Importer(815301076,1909f56bfc062723c751e8b465ee728b)  -> (artifact id: '106a5a40452129ac08b52bdb313506ed') in 1.252034 seconds 
========================================================================
Received Import Request.
  Time since last request: 12.981158 seconds.
  path: Assets/ibah555TexturePack/StunedEffect/Stunned.vfx
  artifactKey: Guid(d53e4102a7503b34c98b2a0dc6cf4cb0) Importer(815301076,1909f56bfc062723c751e8b465ee728b)
Start importing Assets/ibah555TexturePack/StunedEffect/Stunned.vfx using Guid(d53e4102a7503b34c98b2a0dc6cf4cb0) Importer(815301076,1909f56bfc062723c751e8b465ee728b)  -> (artifact id: '8d4971de68f98af46321a4658577fef3') in 1.768236 seconds 
========================================================================
Received Import Request.
  Time since last request: 12.254871 seconds.
  path: Assets/ibah555TexturePack/StunedEffect/Stunned.vfx
  artifactKey: Guid(d53e4102a7503b34c98b2a0dc6cf4cb0) Importer(815301076,1909f56bfc062723c751e8b465ee728b)
Start importing Assets/ibah555TexturePack/StunedEffect/Stunned.vfx using Guid(d53e4102a7503b34c98b2a0dc6cf4cb0) Importer(815301076,1909f56bfc062723c751e8b465ee728b)  -> (artifact id: '3907198e5d0839356d76c8a1d7ef5ed5') in 1.639467 seconds 
========================================================================
Received Import Request.
  Time since last request: 16.369095 seconds.
  path: Assets/ibah555TexturePack/StunedEffect/Stunned.vfx
  artifactKey: Guid(d53e4102a7503b34c98b2a0dc6cf4cb0) Importer(815301076,1909f56bfc062723c751e8b465ee728b)
Start importing Assets/ibah555TexturePack/StunedEffect/Stunned.vfx using Guid(d53e4102a7503b34c98b2a0dc6cf4cb0) Importer(815301076,1909f56bfc062723c751e8b465ee728b)  -> (artifact id: '06ca654e447fc5d0a56efe4a08863625') in 1.641317 seconds 
========================================================================
Received Import Request.
  Time since last request: 60.738043 seconds.
  path: Assets/ibah555TexturePack/StunedEffect/Stunned.vfx
  artifactKey: Guid(d53e4102a7503b34c98b2a0dc6cf4cb0) Importer(815301076,1909f56bfc062723c751e8b465ee728b)
Start importing Assets/ibah555TexturePack/StunedEffect/Stunned.vfx using Guid(d53e4102a7503b34c98b2a0dc6cf4cb0) Importer(815301076,1909f56bfc062723c751e8b465ee728b)  -> (artifact id: '24c56bc7c2d6654d738c899718e111a0') in 1.815165 seconds 
========================================================================
Received Import Request.
  Time since last request: 69.220074 seconds.
  path: Assets/ibah555TexturePack/StunedEffect/Stunned.vfx
  artifactKey: Guid(d53e4102a7503b34c98b2a0dc6cf4cb0) Importer(815301076,1909f56bfc062723c751e8b465ee728b)
Start importing Assets/ibah555TexturePack/StunedEffect/Stunned.vfx using Guid(d53e4102a7503b34c98b2a0dc6cf4cb0) Importer(815301076,1909f56bfc062723c751e8b465ee728b)  -> (artifact id: '916821f11e0703d8597c3379c87418f9') in 1.697682 seconds 
========================================================================
Received Import Request.
  Time since last request: 69.849299 seconds.
  path: Assets/ibah555TexturePack/StunedEffect/Stunned.vfx
  artifactKey: Guid(d53e4102a7503b34c98b2a0dc6cf4cb0) Importer(815301076,1909f56bfc062723c751e8b465ee728b)
Start importing Assets/ibah555TexturePack/StunedEffect/Stunned.vfx using Guid(d53e4102a7503b34c98b2a0dc6cf4cb0) Importer(815301076,1909f56bfc062723c751e8b465ee728b)  -> (artifact id: '5e5952a40eced05baf9535185de62560') in 1.266034 seconds 
========================================================================
Received Import Request.
  Time since last request: 7.195081 seconds.
  path: Assets/ibah555TexturePack/StunedEffect/Stunned.vfx
  artifactKey: Guid(d53e4102a7503b34c98b2a0dc6cf4cb0) Importer(815301076,1909f56bfc062723c751e8b465ee728b)
Start importing Assets/ibah555TexturePack/StunedEffect/Stunned.vfx using Guid(d53e4102a7503b34c98b2a0dc6cf4cb0) Importer(815301076,1909f56bfc062723c751e8b465ee728b)  -> (artifact id: 'facd227eb40161c6b50da526dbfa0436') in 2.245851 seconds 
========================================================================
Received Import Request.
  Time since last request: 36.039592 seconds.
  path: Assets/ibah555TexturePack/StunedEffect/Stunned.vfx
  artifactKey: Guid(d53e4102a7503b34c98b2a0dc6cf4cb0) Importer(815301076,1909f56bfc062723c751e8b465ee728b)
Start importing Assets/ibah555TexturePack/StunedEffect/Stunned.vfx using Guid(d53e4102a7503b34c98b2a0dc6cf4cb0) Importer(815301076,1909f56bfc062723c751e8b465ee728b)  -> (artifact id: '5d2832fe77ae5f2f8d4d66b66eb43bbc') in 1.290931 seconds 
========================================================================
Received Import Request.
  Time since last request: 95.574220 seconds.
  path: Assets/ibah555TexturePack/StunedEffect/Stunned.vfx
  artifactKey: Guid(d53e4102a7503b34c98b2a0dc6cf4cb0) Importer(815301076,1909f56bfc062723c751e8b465ee728b)
Start importing Assets/ibah555TexturePack/StunedEffect/Stunned.vfx using Guid(d53e4102a7503b34c98b2a0dc6cf4cb0) Importer(815301076,1909f56bfc062723c751e8b465ee728b)  -> (artifact id: '2a3b4805a1060c99d72ad490e3f05794') in 0.691598 seconds 
========================================================================
Received Import Request.
  Time since last request: 11.750393 seconds.
  path: Assets/ibah555TexturePack/StunedEffect/Stunned.vfx
  artifactKey: Guid(d53e4102a7503b34c98b2a0dc6cf4cb0) Importer(815301076,1909f56bfc062723c751e8b465ee728b)
Start importing Assets/ibah555TexturePack/StunedEffect/Stunned.vfx using Guid(d53e4102a7503b34c98b2a0dc6cf4cb0) Importer(815301076,1909f56bfc062723c751e8b465ee728b)  -> (artifact id: 'f9ad612a8edf8d7ec49290aaed6ad4c5') in 1.083089 seconds 
========================================================================
Received Import Request.
  Time since last request: 45.558243 seconds.
  path: Assets/ibah555TexturePack/StunedEffect/Stunned.vfx
  artifactKey: Guid(d53e4102a7503b34c98b2a0dc6cf4cb0) Importer(815301076,1909f56bfc062723c751e8b465ee728b)
Start importing Assets/ibah555TexturePack/StunedEffect/Stunned.vfx using Guid(d53e4102a7503b34c98b2a0dc6cf4cb0) Importer(815301076,1909f56bfc062723c751e8b465ee728b)  -> (artifact id: '6ccc32a1bcaa9930cc2cddad5516981b') in 1.597190 seconds 
========================================================================
Received Import Request.
  Time since last request: 13.196745 seconds.
  path: Assets/ibah555TexturePack/StunedEffect/Stunned.vfx
  artifactKey: Guid(d53e4102a7503b34c98b2a0dc6cf4cb0) Importer(815301076,1909f56bfc062723c751e8b465ee728b)
Start importing Assets/ibah555TexturePack/StunedEffect/Stunned.vfx using Guid(d53e4102a7503b34c98b2a0dc6cf4cb0) Importer(815301076,1909f56bfc062723c751e8b465ee728b)  -> (artifact id: 'f8186bd39e9675da5460b33b92af9f8c') in 0.881941 seconds 
========================================================================
Received Import Request.
  Time since last request: 17.405356 seconds.
  path: Assets/ibah555TexturePack/StunedEffect/Stunned.vfx
  artifactKey: Guid(d53e4102a7503b34c98b2a0dc6cf4cb0) Importer(815301076,1909f56bfc062723c751e8b465ee728b)
Start importing Assets/ibah555TexturePack/StunedEffect/Stunned.vfx using Guid(d53e4102a7503b34c98b2a0dc6cf4cb0) Importer(815301076,1909f56bfc062723c751e8b465ee728b)  -> (artifact id: '3574826bac593c584b40ba26ad4a652c') in 0.875962 seconds 
========================================================================
Received Import Request.
  Time since last request: 26.307467 seconds.
  path: Assets/ibah555TexturePack/StunedEffect/Stunned.vfx
  artifactKey: Guid(d53e4102a7503b34c98b2a0dc6cf4cb0) Importer(815301076,1909f56bfc062723c751e8b465ee728b)
Start importing Assets/ibah555TexturePack/StunedEffect/Stunned.vfx using Guid(d53e4102a7503b34c98b2a0dc6cf4cb0) Importer(815301076,1909f56bfc062723c751e8b465ee728b)  -> (artifact id: '100dcd1607b312f07beb4e4e04acb7ce') in 1.875644 seconds 
========================================================================
Received Import Request.
  Time since last request: 41.355424 seconds.
  path: Assets/ibah555TexturePack/StunedEffect/Stunned.vfx
  artifactKey: Guid(d53e4102a7503b34c98b2a0dc6cf4cb0) Importer(815301076,1909f56bfc062723c751e8b465ee728b)
Start importing Assets/ibah555TexturePack/StunedEffect/Stunned.vfx using Guid(d53e4102a7503b34c98b2a0dc6cf4cb0) Importer(815301076,1909f56bfc062723c751e8b465ee728b)  -> (artifact id: '85c3806b82d693ace784fa0dda378023') in 1.290625 seconds 
========================================================================
Received Import Request.
  Time since last request: 17.572462 seconds.
  path: Assets/ibah555TexturePack/StunedEffect/Stunned.vfx
  artifactKey: Guid(d53e4102a7503b34c98b2a0dc6cf4cb0) Importer(815301076,1909f56bfc062723c751e8b465ee728b)
Start importing Assets/ibah555TexturePack/StunedEffect/Stunned.vfx using Guid(d53e4102a7503b34c98b2a0dc6cf4cb0) Importer(815301076,1909f56bfc062723c751e8b465ee728b)  -> (artifact id: 'ccf262dd66124689ecc93dd0f31f9aa5') in 1.319655 seconds 
========================================================================
Received Import Request.
  Time since last request: 30.857738 seconds.
  path: Assets/ibah555TexturePack/StunedEffect/Stunned.vfx
  artifactKey: Guid(d53e4102a7503b34c98b2a0dc6cf4cb0) Importer(815301076,1909f56bfc062723c751e8b465ee728b)
Start importing Assets/ibah555TexturePack/StunedEffect/Stunned.vfx using Guid(d53e4102a7503b34c98b2a0dc6cf4cb0) Importer(815301076,1909f56bfc062723c751e8b465ee728b)  -> (artifact id: 'b2be3b143c54d5064c67aa013739a222') in 1.407377 seconds 
========================================================================
Received Import Request.
  Time since last request: 18.843945 seconds.
  path: Assets/ibah555TexturePack/StunedEffect/Stunned.vfx
  artifactKey: Guid(d53e4102a7503b34c98b2a0dc6cf4cb0) Importer(815301076,1909f56bfc062723c751e8b465ee728b)
Start importing Assets/ibah555TexturePack/StunedEffect/Stunned.vfx using Guid(d53e4102a7503b34c98b2a0dc6cf4cb0) Importer(815301076,1909f56bfc062723c751e8b465ee728b)  -> (artifact id: '9c5d431d3ab3bd0e478f6d378299c4ba') in 1.723248 seconds 
========================================================================
Received Import Request.
  Time since last request: 34.223089 seconds.
  path: Assets/ibah555TexturePack/StunedEffect/Stunned.vfx
  artifactKey: Guid(d53e4102a7503b34c98b2a0dc6cf4cb0) Importer(815301076,1909f56bfc062723c751e8b465ee728b)
Start importing Assets/ibah555TexturePack/StunedEffect/Stunned.vfx using Guid(d53e4102a7503b34c98b2a0dc6cf4cb0) Importer(815301076,1909f56bfc062723c751e8b465ee728b)  -> (artifact id: 'c00d3a522e0335159f95eb310c1eb0cc') in 0.823741 seconds 
========================================================================
Received Import Request.
  Time since last request: 143.317107 seconds.
  path: Assets/ibah555TexturePack/StunedEffect/Stunned.vfx
  artifactKey: Guid(d53e4102a7503b34c98b2a0dc6cf4cb0) Importer(815301076,1909f56bfc062723c751e8b465ee728b)
Start importing Assets/ibah555TexturePack/StunedEffect/Stunned.vfx using Guid(d53e4102a7503b34c98b2a0dc6cf4cb0) Importer(815301076,1909f56bfc062723c751e8b465ee728b)  -> (artifact id: '03e55011089aead61f668c6912101662') in 0.868320 seconds 
========================================================================
Received Import Request.
  Time since last request: 41.402754 seconds.
  path: Assets/ibah555TexturePack/StunedEffect/Stunned.vfx
  artifactKey: Guid(d53e4102a7503b34c98b2a0dc6cf4cb0) Importer(815301076,1909f56bfc062723c751e8b465ee728b)
Start importing Assets/ibah555TexturePack/StunedEffect/Stunned.vfx using Guid(d53e4102a7503b34c98b2a0dc6cf4cb0) Importer(815301076,1909f56bfc062723c751e8b465ee728b)  -> (artifact id: '024ec6f8bf99f90d8bb1243221d41a99') in 0.854711 seconds 
========================================================================
Received Import Request.
  Time since last request: 12.284644 seconds.
  path: Assets/ibah555TexturePack/StunedEffect/Stunned.vfx
  artifactKey: Guid(d53e4102a7503b34c98b2a0dc6cf4cb0) Importer(815301076,1909f56bfc062723c751e8b465ee728b)
Start importing Assets/ibah555TexturePack/StunedEffect/Stunned.vfx using Guid(d53e4102a7503b34c98b2a0dc6cf4cb0) Importer(815301076,1909f56bfc062723c751e8b465ee728b)  -> (artifact id: '3a16a07e047acde9b6daa3c421256daf') in 1.264627 seconds 
========================================================================
Received Import Request.
  Time since last request: 24.225670 seconds.
  path: Assets/ibah555TexturePack/StunedEffect/Stunned.vfx
  artifactKey: Guid(d53e4102a7503b34c98b2a0dc6cf4cb0) Importer(815301076,1909f56bfc062723c751e8b465ee728b)
Start importing Assets/ibah555TexturePack/StunedEffect/Stunned.vfx using Guid(d53e4102a7503b34c98b2a0dc6cf4cb0) Importer(815301076,1909f56bfc062723c751e8b465ee728b)  -> (artifact id: '05721ecfd9d5abb495adb248d5d0f914') in 0.790125 seconds 
========================================================================
Received Import Request.
  Time since last request: 159.255495 seconds.
  path: Assets/ibah555TexturePack/StunedEffect/Stunned.vfx
  artifactKey: Guid(d53e4102a7503b34c98b2a0dc6cf4cb0) Importer(815301076,1909f56bfc062723c751e8b465ee728b)
Start importing Assets/ibah555TexturePack/StunedEffect/Stunned.vfx using Guid(d53e4102a7503b34c98b2a0dc6cf4cb0) Importer(815301076,1909f56bfc062723c751e8b465ee728b)  -> (artifact id: 'fb83d07c3da73ee07b7557c5393ad7e7') in 0.822449 seconds 
========================================================================
Received Import Request.
  Time since last request: 20.306610 seconds.
  path: Assets/ibah555TexturePack/StunedEffect/Stunned.vfx
  artifactKey: Guid(d53e4102a7503b34c98b2a0dc6cf4cb0) Importer(815301076,1909f56bfc062723c751e8b465ee728b)
Start importing Assets/ibah555TexturePack/StunedEffect/Stunned.vfx using Guid(d53e4102a7503b34c98b2a0dc6cf4cb0) Importer(815301076,1909f56bfc062723c751e8b465ee728b)  -> (artifact id: '19525b3f9908f68db95fc43524ca4ccc') in 0.469876 seconds 
========================================================================
Received Import Request.
  Time since last request: 180.014643 seconds.
  path: Assets/ibah555TexturePack/StunedEffect/Stunned.vfx
  artifactKey: Guid(d53e4102a7503b34c98b2a0dc6cf4cb0) Importer(815301076,1909f56bfc062723c751e8b465ee728b)
Start importing Assets/ibah555TexturePack/StunedEffect/Stunned.vfx using Guid(d53e4102a7503b34c98b2a0dc6cf4cb0) Importer(815301076,1909f56bfc062723c751e8b465ee728b)  -> (artifact id: '95a067bbdc9232544052be4b168e33d2') in 0.962763 seconds 
========================================================================
Received Import Request.
  Time since last request: 196.216109 seconds.
  path: Assets/ibah555TexturePack/StunedEffect/Stunned.vfx
  artifactKey: Guid(d53e4102a7503b34c98b2a0dc6cf4cb0) Importer(815301076,1909f56bfc062723c751e8b465ee728b)
Start importing Assets/ibah555TexturePack/StunedEffect/Stunned.vfx using Guid(d53e4102a7503b34c98b2a0dc6cf4cb0) Importer(815301076,1909f56bfc062723c751e8b465ee728b)  -> (artifact id: '11a57f2f0e473035a06c55f6165575f9') in 0.943437 seconds 
========================================================================
Received Import Request.
  Time since last request: 13.945889 seconds.
  path: Assets/ibah555TexturePack/StunedEffect/Stunned.vfx
  artifactKey: Guid(d53e4102a7503b34c98b2a0dc6cf4cb0) Importer(815301076,1909f56bfc062723c751e8b465ee728b)
Start importing Assets/ibah555TexturePack/StunedEffect/Stunned.vfx using Guid(d53e4102a7503b34c98b2a0dc6cf4cb0) Importer(815301076,1909f56bfc062723c751e8b465ee728b)  -> (artifact id: '3ec8863d384de7d5439a33d7e1f14033') in 1.227632 seconds 
========================================================================
Received Import Request.
  Time since last request: 14.083095 seconds.
  path: Assets/ibah555TexturePack/StunedEffect/Stunned.vfx
  artifactKey: Guid(d53e4102a7503b34c98b2a0dc6cf4cb0) Importer(815301076,1909f56bfc062723c751e8b465ee728b)
Start importing Assets/ibah555TexturePack/StunedEffect/Stunned.vfx using Guid(d53e4102a7503b34c98b2a0dc6cf4cb0) Importer(815301076,1909f56bfc062723c751e8b465ee728b)  -> (artifact id: 'e4d579fd358bd253e7f81bda8f5a84ce') in 0.967951 seconds 
========================================================================
Received Import Request.
  Time since last request: 39.985216 seconds.
  path: Assets/ibah555TexturePack/StunedEffect/Stunned.vfx
  artifactKey: Guid(d53e4102a7503b34c98b2a0dc6cf4cb0) Importer(815301076,1909f56bfc062723c751e8b465ee728b)
Start importing Assets/ibah555TexturePack/StunedEffect/Stunned.vfx using Guid(d53e4102a7503b34c98b2a0dc6cf4cb0) Importer(815301076,1909f56bfc062723c751e8b465ee728b)  -> (artifact id: 'c08feff05f6d0ce5e759b8cc4b9736f9') in 1.338318 seconds 
========================================================================
Received Import Request.
  Time since last request: 15.767709 seconds.
  path: Assets/ibah555TexturePack/StunedEffect/Stunned.vfx
  artifactKey: Guid(d53e4102a7503b34c98b2a0dc6cf4cb0) Importer(815301076,1909f56bfc062723c751e8b465ee728b)
Start importing Assets/ibah555TexturePack/StunedEffect/Stunned.vfx using Guid(d53e4102a7503b34c98b2a0dc6cf4cb0) Importer(815301076,1909f56bfc062723c751e8b465ee728b)  -> (artifact id: '99ac5da354eb0349203800b6f9d9ec48') in 0.887616 seconds 
========================================================================
Received Import Request.
  Time since last request: 123.165955 seconds.
  path: Assets/ibah555TexturePack/StunedEffect/Stunned.vfx
  artifactKey: Guid(d53e4102a7503b34c98b2a0dc6cf4cb0) Importer(815301076,1909f56bfc062723c751e8b465ee728b)
Start importing Assets/ibah555TexturePack/StunedEffect/Stunned.vfx using Guid(d53e4102a7503b34c98b2a0dc6cf4cb0) Importer(815301076,1909f56bfc062723c751e8b465ee728b)  -> (artifact id: '4d5f224b966c05987e8d95abcd0c9302') in 1.699130 seconds 
========================================================================
Received Import Request.
  Time since last request: 8.223136 seconds.
  path: Assets/ibah555TexturePack/StunedEffect/Stunned.vfx
  artifactKey: Guid(d53e4102a7503b34c98b2a0dc6cf4cb0) Importer(815301076,1909f56bfc062723c751e8b465ee728b)
Start importing Assets/ibah555TexturePack/StunedEffect/Stunned.vfx using Guid(d53e4102a7503b34c98b2a0dc6cf4cb0) Importer(815301076,1909f56bfc062723c751e8b465ee728b)  -> (artifact id: '9848ac21ed835bc1b73e18f13286c175') in 1.698336 seconds 
========================================================================
Received Import Request.
  Time since last request: 83.924432 seconds.
  path: Assets/ibah555TexturePack/StunedEffect/Stunned.vfx
  artifactKey: Guid(d53e4102a7503b34c98b2a0dc6cf4cb0) Importer(815301076,1909f56bfc062723c751e8b465ee728b)
Start importing Assets/ibah555TexturePack/StunedEffect/Stunned.vfx using Guid(d53e4102a7503b34c98b2a0dc6cf4cb0) Importer(815301076,1909f56bfc062723c751e8b465ee728b)  -> (artifact id: '954bb18c4c57371e494c482e813946dc') in 0.888191 seconds 
========================================================================
Received Import Request.
  Time since last request: 155.431118 seconds.
  path: Assets/ibah555TexturePack/StunedEffect/Stunned.vfx
  artifactKey: Guid(d53e4102a7503b34c98b2a0dc6cf4cb0) Importer(815301076,1909f56bfc062723c751e8b465ee728b)
Start importing Assets/ibah555TexturePack/StunedEffect/Stunned.vfx using Guid(d53e4102a7503b34c98b2a0dc6cf4cb0) Importer(815301076,1909f56bfc062723c751e8b465ee728b)  -> (artifact id: '4e2e117ff8ca55f4daec271ff5a64aff') in 0.957854 seconds 
========================================================================
Received Import Request.
  Time since last request: 9.715793 seconds.
  path: Assets/ibah555TexturePack/StunedEffect/Stunned.vfx
  artifactKey: Guid(d53e4102a7503b34c98b2a0dc6cf4cb0) Importer(815301076,1909f56bfc062723c751e8b465ee728b)
Start importing Assets/ibah555TexturePack/StunedEffect/Stunned.vfx using Guid(d53e4102a7503b34c98b2a0dc6cf4cb0) Importer(815301076,1909f56bfc062723c751e8b465ee728b)  -> (artifact id: 'cbe20bce81052cbd219c47f6689f0aa6') in 1.344749 seconds 
========================================================================
Received Import Request.
  Time since last request: 16.443128 seconds.
  path: Assets/ibah555TexturePack/StunedEffect/Stunned.vfx
  artifactKey: Guid(d53e4102a7503b34c98b2a0dc6cf4cb0) Importer(815301076,1909f56bfc062723c751e8b465ee728b)
Start importing Assets/ibah555TexturePack/StunedEffect/Stunned.vfx using Guid(d53e4102a7503b34c98b2a0dc6cf4cb0) Importer(815301076,1909f56bfc062723c751e8b465ee728b)  -> (artifact id: 'cafc3f4d5fa388126cce465e4844b3d7') in 1.027104 seconds 
========================================================================
Received Import Request.
  Time since last request: 33.735612 seconds.
  path: Assets/ibah555TexturePack/StunedEffect/Stunned.vfx
  artifactKey: Guid(d53e4102a7503b34c98b2a0dc6cf4cb0) Importer(815301076,1909f56bfc062723c751e8b465ee728b)
Start importing Assets/ibah555TexturePack/StunedEffect/Stunned.vfx using Guid(d53e4102a7503b34c98b2a0dc6cf4cb0) Importer(815301076,1909f56bfc062723c751e8b465ee728b)  -> (artifact id: '00ddc54addf311e0a4d53ac0d4054045') in 0.506317 seconds 
========================================================================
Received Import Request.
  Time since last request: 23.270460 seconds.
  path: Assets/ibah555TexturePack/StunedEffect/Stunned.vfx
  artifactKey: Guid(d53e4102a7503b34c98b2a0dc6cf4cb0) Importer(815301076,1909f56bfc062723c751e8b465ee728b)
Start importing Assets/ibah555TexturePack/StunedEffect/Stunned.vfx using Guid(d53e4102a7503b34c98b2a0dc6cf4cb0) Importer(815301076,1909f56bfc062723c751e8b465ee728b)  -> (artifact id: '8fb5094a34667f1b354a2188a0ec9d81') in 0.064364 seconds 
========================================================================
Received Import Request.
  Time since last request: 81.259229 seconds.
  path: Assets/ibah555TexturePack/StunedEffect/Stunned.vfx
  artifactKey: Guid(d53e4102a7503b34c98b2a0dc6cf4cb0) Importer(815301076,1909f56bfc062723c751e8b465ee728b)
Start importing Assets/ibah555TexturePack/StunedEffect/Stunned.vfx using Guid(d53e4102a7503b34c98b2a0dc6cf4cb0) Importer(815301076,1909f56bfc062723c751e8b465ee728b)  -> (artifact id: '572c12c983ad77f04d92d5f738991b4f') in 0.549462 seconds 
========================================================================
Received Import Request.
  Time since last request: 4.697428 seconds.
  path: Assets/ibah555TexturePack/Slash/Slash_VFX.vfx
  artifactKey: Guid(1fe464a04641e7c4cacc4387326d5f0e) Importer(815301076,1909f56bfc062723c751e8b465ee728b)
Start importing Assets/ibah555TexturePack/Slash/Slash_VFX.vfx using Guid(1fe464a04641e7c4cacc4387326d5f0e) Importer(815301076,1909f56bfc062723c751e8b465ee728b)  -> (artifact id: 'a52891e12a2a8d3f8a9e771d650eb765') in 0.088492 seconds 
========================================================================
Received Import Request.
  Time since last request: 58.160911 seconds.
  path: Assets/ibah555TexturePack/StunedEffect/Stunned.vfx
  artifactKey: Guid(d53e4102a7503b34c98b2a0dc6cf4cb0) Importer(815301076,1909f56bfc062723c751e8b465ee728b)
Start importing Assets/ibah555TexturePack/StunedEffect/Stunned.vfx using Guid(d53e4102a7503b34c98b2a0dc6cf4cb0) Importer(815301076,1909f56bfc062723c751e8b465ee728b)  -> (artifact id: 'c9dc07481547f3275b03d848444bfbf6') in 0.927520 seconds 
========================================================================
Received Import Request.
  Time since last request: 17.750623 seconds.
  path: Assets/ibah555TexturePack/StunedEffect/Stunned.vfx
  artifactKey: Guid(d53e4102a7503b34c98b2a0dc6cf4cb0) Importer(815301076,1909f56bfc062723c751e8b465ee728b)
Start importing Assets/ibah555TexturePack/StunedEffect/Stunned.vfx using Guid(d53e4102a7503b34c98b2a0dc6cf4cb0) Importer(815301076,1909f56bfc062723c751e8b465ee728b)  -> (artifact id: 'a99f8cda74eac65abd0799d301c713c2') in 0.470637 seconds 
========================================================================
Received Import Request.
  Time since last request: 3.730257 seconds.
  path: Assets/ibah555TexturePack/StunedEffect/Stunned.vfx
  artifactKey: Guid(d53e4102a7503b34c98b2a0dc6cf4cb0) Importer(815301076,1909f56bfc062723c751e8b465ee728b)
Start importing Assets/ibah555TexturePack/StunedEffect/Stunned.vfx using Guid(d53e4102a7503b34c98b2a0dc6cf4cb0) Importer(815301076,1909f56bfc062723c751e8b465ee728b)  -> (artifact id: '3209587c8a01f41f52b102ff74b6a205') in 0.485949 seconds 
========================================================================
Received Import Request.
  Time since last request: 9.354192 seconds.
  path: Assets/ibah555TexturePack/StunedEffect/Stunned.vfx
  artifactKey: Guid(d53e4102a7503b34c98b2a0dc6cf4cb0) Importer(815301076,1909f56bfc062723c751e8b465ee728b)
Start importing Assets/ibah555TexturePack/StunedEffect/Stunned.vfx using Guid(d53e4102a7503b34c98b2a0dc6cf4cb0) Importer(815301076,1909f56bfc062723c751e8b465ee728b)  -> (artifact id: 'c6b1d744bbeed5567613108bdb1a8644') in 2.401731 seconds 
========================================================================
Received Import Request.
  Time since last request: 75.501760 seconds.
  path: Assets/ibah555TexturePack/StunedEffect/Stunned.vfx
  artifactKey: Guid(d53e4102a7503b34c98b2a0dc6cf4cb0) Importer(815301076,1909f56bfc062723c751e8b465ee728b)
Start importing Assets/ibah555TexturePack/StunedEffect/Stunned.vfx using Guid(d53e4102a7503b34c98b2a0dc6cf4cb0) Importer(815301076,1909f56bfc062723c751e8b465ee728b)  -> (artifact id: '3b1ea11c300760ecbd0ce58603fea930') in 0.985130 seconds 
========================================================================
Received Import Request.
  Time since last request: 45.206238 seconds.
  path: Assets/ibah555TexturePack/StunedEffect/Stunned.vfx
  artifactKey: Guid(d53e4102a7503b34c98b2a0dc6cf4cb0) Importer(815301076,1909f56bfc062723c751e8b465ee728b)
Start importing Assets/ibah555TexturePack/StunedEffect/Stunned.vfx using Guid(d53e4102a7503b34c98b2a0dc6cf4cb0) Importer(815301076,1909f56bfc062723c751e8b465ee728b)  -> (artifact id: '71b61f0d6010ed6c772b59dc1369d3ef') in 0.470810 seconds 
========================================================================
Received Import Request.
  Time since last request: 11.760284 seconds.
  path: Assets/ibah555TexturePack/StunedEffect/Stunned.vfx
  artifactKey: Guid(d53e4102a7503b34c98b2a0dc6cf4cb0) Importer(815301076,1909f56bfc062723c751e8b465ee728b)
Start importing Assets/ibah555TexturePack/StunedEffect/Stunned.vfx using Guid(d53e4102a7503b34c98b2a0dc6cf4cb0) Importer(815301076,1909f56bfc062723c751e8b465ee728b)  -> (artifact id: '49ec4a7b73bd688dffd975fd605420c1') in 1.559365 seconds 
========================================================================
Received Import Request.
  Time since last request: 462.508206 seconds.
  path: Assets/ibah555TexturePack/StunedEffect/Stunned.vfx
  artifactKey: Guid(d53e4102a7503b34c98b2a0dc6cf4cb0) Importer(815301076,1909f56bfc062723c751e8b465ee728b)
Start importing Assets/ibah555TexturePack/StunedEffect/Stunned.vfx using Guid(d53e4102a7503b34c98b2a0dc6cf4cb0) Importer(815301076,1909f56bfc062723c751e8b465ee728b)  -> (artifact id: 'f82a20d99f178fe35b98ced9d235b974') in 0.814095 seconds 
========================================================================
Received Import Request.
  Time since last request: 8.165712 seconds.
  path: Assets/ibah555TexturePack/StunedEffect/Stunned.vfx
  artifactKey: Guid(d53e4102a7503b34c98b2a0dc6cf4cb0) Importer(815301076,1909f56bfc062723c751e8b465ee728b)
Start importing Assets/ibah555TexturePack/StunedEffect/Stunned.vfx using Guid(d53e4102a7503b34c98b2a0dc6cf4cb0) Importer(815301076,1909f56bfc062723c751e8b465ee728b)  -> (artifact id: '2c0fe439a560ee0d55ee96fd6d4f78c8') in 0.507288 seconds 
========================================================================
Received Import Request.
  Time since last request: 7.848719 seconds.
  path: Assets/ibah555TexturePack/StunedEffect/Stunned.vfx
  artifactKey: Guid(d53e4102a7503b34c98b2a0dc6cf4cb0) Importer(815301076,1909f56bfc062723c751e8b465ee728b)
Start importing Assets/ibah555TexturePack/StunedEffect/Stunned.vfx using Guid(d53e4102a7503b34c98b2a0dc6cf4cb0) Importer(815301076,1909f56bfc062723c751e8b465ee728b)  -> (artifact id: '905d59e52b3424b23453e9fc4967f161') in 0.518277 seconds 
========================================================================
Received Import Request.
  Time since last request: 15.970889 seconds.
  path: Assets/ibah555TexturePack/StunedEffect/Stunned.vfx
  artifactKey: Guid(d53e4102a7503b34c98b2a0dc6cf4cb0) Importer(815301076,1909f56bfc062723c751e8b465ee728b)
Start importing Assets/ibah555TexturePack/StunedEffect/Stunned.vfx using Guid(d53e4102a7503b34c98b2a0dc6cf4cb0) Importer(815301076,1909f56bfc062723c751e8b465ee728b)  -> (artifact id: 'f852ad97cafb243dd6ed9f6b8d1e05d8') in 0.518462 seconds 
========================================================================
Received Import Request.
  Time since last request: 29.242486 seconds.
  path: Assets/ibah555TexturePack/StunedEffect/Stunned.vfx
  artifactKey: Guid(d53e4102a7503b34c98b2a0dc6cf4cb0) Importer(815301076,1909f56bfc062723c751e8b465ee728b)
Start importing Assets/ibah555TexturePack/StunedEffect/Stunned.vfx using Guid(d53e4102a7503b34c98b2a0dc6cf4cb0) Importer(815301076,1909f56bfc062723c751e8b465ee728b)  -> (artifact id: '4d2a2f01e2a2d0871476ddef983438de') in 0.510180 seconds 
========================================================================
Received Import Request.
  Time since last request: 82.799708 seconds.
  path: Assets/ibah555TexturePack/StunedEffect/Stunned.vfx
  artifactKey: Guid(d53e4102a7503b34c98b2a0dc6cf4cb0) Importer(815301076,1909f56bfc062723c751e8b465ee728b)
Start importing Assets/ibah555TexturePack/StunedEffect/Stunned.vfx using Guid(d53e4102a7503b34c98b2a0dc6cf4cb0) Importer(815301076,1909f56bfc062723c751e8b465ee728b)  -> (artifact id: 'd16ed3936aca970b67a2967de6165238') in 0.482596 seconds 
========================================================================
Received Import Request.
  Time since last request: 41.411516 seconds.
  path: Assets/ibah555TexturePack/StunedEffect/Stunned.vfx
  artifactKey: Guid(d53e4102a7503b34c98b2a0dc6cf4cb0) Importer(815301076,1909f56bfc062723c751e8b465ee728b)
Start importing Assets/ibah555TexturePack/StunedEffect/Stunned.vfx using Guid(d53e4102a7503b34c98b2a0dc6cf4cb0) Importer(815301076,1909f56bfc062723c751e8b465ee728b)  -> (artifact id: '7d09805823f329df52da05a54a24842c') in 0.545915 seconds 
========================================================================
Received Import Request.
  Time since last request: 61.044742 seconds.
  path: Assets/ibah555TexturePack/StunedEffect/Stunned.vfx
  artifactKey: Guid(d53e4102a7503b34c98b2a0dc6cf4cb0) Importer(815301076,1909f56bfc062723c751e8b465ee728b)
Start importing Assets/ibah555TexturePack/StunedEffect/Stunned.vfx using Guid(d53e4102a7503b34c98b2a0dc6cf4cb0) Importer(815301076,1909f56bfc062723c751e8b465ee728b)  -> (artifact id: '97d70b8105a6a2807580226697666d30') in 0.087518 seconds 
========================================================================
Received Import Request.
  Time since last request: 22.603231 seconds.
  path: Assets/ibah555TexturePack/StunedEffect/Stunned.vfx
  artifactKey: Guid(d53e4102a7503b34c98b2a0dc6cf4cb0) Importer(815301076,1909f56bfc062723c751e8b465ee728b)
Start importing Assets/ibah555TexturePack/StunedEffect/Stunned.vfx using Guid(d53e4102a7503b34c98b2a0dc6cf4cb0) Importer(815301076,1909f56bfc062723c751e8b465ee728b)  -> (artifact id: 'b69cd650ab385ef2dc34e9b3797b2767') in 0.476902 seconds 
========================================================================
Received Import Request.
  Time since last request: 4.229937 seconds.
  path: Assets/ibah555TexturePack/StunedEffect/Stunned.vfx
  artifactKey: Guid(d53e4102a7503b34c98b2a0dc6cf4cb0) Importer(815301076,1909f56bfc062723c751e8b465ee728b)
Start importing Assets/ibah555TexturePack/StunedEffect/Stunned.vfx using Guid(d53e4102a7503b34c98b2a0dc6cf4cb0) Importer(815301076,1909f56bfc062723c751e8b465ee728b)  -> (artifact id: '992f2429dd4cd5141c66afc948ef7279') in 0.479133 seconds 
========================================================================
Received Import Request.
  Time since last request: 28.047354 seconds.
  path: Assets/ibah555TexturePack/StunedEffect/Stunned.vfx
  artifactKey: Guid(d53e4102a7503b34c98b2a0dc6cf4cb0) Importer(815301076,1909f56bfc062723c751e8b465ee728b)
Start importing Assets/ibah555TexturePack/StunedEffect/Stunned.vfx using Guid(d53e4102a7503b34c98b2a0dc6cf4cb0) Importer(815301076,1909f56bfc062723c751e8b465ee728b)  -> (artifact id: '2b3b41678331f50a5097f9351ae18ed8') in 0.045343 seconds 
========================================================================
Received Import Request.
  Time since last request: 82.779753 seconds.
  path: Assets/ibah555TexturePack/StunedEffect/Stunned.vfx
  artifactKey: Guid(d53e4102a7503b34c98b2a0dc6cf4cb0) Importer(815301076,1909f56bfc062723c751e8b465ee728b)
Start importing Assets/ibah555TexturePack/StunedEffect/Stunned.vfx using Guid(d53e4102a7503b34c98b2a0dc6cf4cb0) Importer(815301076,1909f56bfc062723c751e8b465ee728b)  -> (artifact id: '001473634cb985176f53350677b50820') in 0.504528 seconds 
========================================================================
Received Import Request.
  Time since last request: 17.862414 seconds.
  path: Assets/ibah555TexturePack/StunedEffect/Stunned.vfx
  artifactKey: Guid(d53e4102a7503b34c98b2a0dc6cf4cb0) Importer(815301076,1909f56bfc062723c751e8b465ee728b)
Start importing Assets/ibah555TexturePack/StunedEffect/Stunned.vfx using Guid(d53e4102a7503b34c98b2a0dc6cf4cb0) Importer(815301076,1909f56bfc062723c751e8b465ee728b)  -> (artifact id: '0da3900c16b411508e6a9356266c3255') in 0.468595 seconds 
========================================================================
Received Import Request.
  Time since last request: 3.560914 seconds.
  path: Assets/ibah555TexturePack/StunedEffect/Stunned.vfx
  artifactKey: Guid(d53e4102a7503b34c98b2a0dc6cf4cb0) Importer(815301076,1909f56bfc062723c751e8b465ee728b)
Start importing Assets/ibah555TexturePack/StunedEffect/Stunned.vfx using Guid(d53e4102a7503b34c98b2a0dc6cf4cb0) Importer(815301076,1909f56bfc062723c751e8b465ee728b)  -> (artifact id: '304c96ad298afe144c2a6316c00fdf47') in 0.483449 seconds 
========================================================================
Received Import Request.
  Time since last request: 11.890913 seconds.
  path: Assets/ibah555TexturePack/StunedEffect/Stunned.vfx
  artifactKey: Guid(d53e4102a7503b34c98b2a0dc6cf4cb0) Importer(815301076,1909f56bfc062723c751e8b465ee728b)
Start importing Assets/ibah555TexturePack/StunedEffect/Stunned.vfx using Guid(d53e4102a7503b34c98b2a0dc6cf4cb0) Importer(815301076,1909f56bfc062723c751e8b465ee728b)  -> (artifact id: 'd8913ab0e240df402ad95ef02d56cb95') in 0.484295 seconds 
========================================================================
Received Import Request.
  Time since last request: 58.461854 seconds.
  path: Assets/ibah555TexturePack/StunedEffect/Stunned.vfx
  artifactKey: Guid(d53e4102a7503b34c98b2a0dc6cf4cb0) Importer(815301076,1909f56bfc062723c751e8b465ee728b)
Start importing Assets/ibah555TexturePack/StunedEffect/Stunned.vfx using Guid(d53e4102a7503b34c98b2a0dc6cf4cb0) Importer(815301076,1909f56bfc062723c751e8b465ee728b)  -> (artifact id: '32eea9540db1ded068b92463e2e18b74') in 0.490203 seconds 
========================================================================
Received Import Request.
  Time since last request: 15.773191 seconds.
  path: Assets/ibah555TexturePack/StunedEffect/Stunned.vfx
  artifactKey: Guid(d53e4102a7503b34c98b2a0dc6cf4cb0) Importer(815301076,1909f56bfc062723c751e8b465ee728b)
Start importing Assets/ibah555TexturePack/StunedEffect/Stunned.vfx using Guid(d53e4102a7503b34c98b2a0dc6cf4cb0) Importer(815301076,1909f56bfc062723c751e8b465ee728b)  -> (artifact id: 'b357165bb81796f61a2e4d3e37da60e4') in 0.539070 seconds 
========================================================================
Received Import Request.
  Time since last request: 12.403892 seconds.
  path: Assets/ibah555TexturePack/StunedEffect/Stunned.vfx
  artifactKey: Guid(d53e4102a7503b34c98b2a0dc6cf4cb0) Importer(815301076,1909f56bfc062723c751e8b465ee728b)
Start importing Assets/ibah555TexturePack/StunedEffect/Stunned.vfx using Guid(d53e4102a7503b34c98b2a0dc6cf4cb0) Importer(815301076,1909f56bfc062723c751e8b465ee728b)  -> (artifact id: '073a54089bca92ef5a779f30bf691d2a') in 0.467972 seconds 
========================================================================
Received Import Request.
  Time since last request: 234.407575 seconds.
  path: Assets/ibah555TexturePack/StunedEffect/Stunned.vfx
  artifactKey: Guid(d53e4102a7503b34c98b2a0dc6cf4cb0) Importer(815301076,1909f56bfc062723c751e8b465ee728b)
Start importing Assets/ibah555TexturePack/StunedEffect/Stunned.vfx using Guid(d53e4102a7503b34c98b2a0dc6cf4cb0) Importer(815301076,1909f56bfc062723c751e8b465ee728b)  -> (artifact id: '50a72b6d6d86b12146a398869fbe2b1e') in 0.341718 seconds 
========================================================================
Received Import Request.
  Time since last request: 5.459096 seconds.
  path: Assets/ibah555TexturePack/StunedEffect/Stunned.vfx
  artifactKey: Guid(d53e4102a7503b34c98b2a0dc6cf4cb0) Importer(815301076,1909f56bfc062723c751e8b465ee728b)
Start importing Assets/ibah555TexturePack/StunedEffect/Stunned.vfx using Guid(d53e4102a7503b34c98b2a0dc6cf4cb0) Importer(815301076,1909f56bfc062723c751e8b465ee728b)  -> (artifact id: '1ceaa6a21236bcde53d13ceb17670730') in 0.456361 seconds 
========================================================================
Received Import Request.
  Time since last request: 18.056949 seconds.
  path: Assets/ibah555TexturePack/StunedEffect/Stunned.vfx
  artifactKey: Guid(d53e4102a7503b34c98b2a0dc6cf4cb0) Importer(815301076,1909f56bfc062723c751e8b465ee728b)
Start importing Assets/ibah555TexturePack/StunedEffect/Stunned.vfx using Guid(d53e4102a7503b34c98b2a0dc6cf4cb0) Importer(815301076,1909f56bfc062723c751e8b465ee728b)  -> (artifact id: '778f42bc795631e680d3ffe13c1402e8') in 0.485457 seconds 
========================================================================
Received Import Request.
  Time since last request: 37.379346 seconds.
  path: Assets/ibah555TexturePack/StunedEffect/Stunned.vfx
  artifactKey: Guid(d53e4102a7503b34c98b2a0dc6cf4cb0) Importer(815301076,1909f56bfc062723c751e8b465ee728b)
Start importing Assets/ibah555TexturePack/StunedEffect/Stunned.vfx using Guid(d53e4102a7503b34c98b2a0dc6cf4cb0) Importer(815301076,1909f56bfc062723c751e8b465ee728b)  -> (artifact id: '314de1c257de16f625e5fcba67946ee5') in 0.441986 seconds 
========================================================================
Received Import Request.
  Time since last request: 145.951865 seconds.
  path: Assets/ibah555TexturePack/StunedEffect/Stunned.vfx
  artifactKey: Guid(d53e4102a7503b34c98b2a0dc6cf4cb0) Importer(815301076,1909f56bfc062723c751e8b465ee728b)
Start importing Assets/ibah555TexturePack/StunedEffect/Stunned.vfx using Guid(d53e4102a7503b34c98b2a0dc6cf4cb0) Importer(815301076,1909f56bfc062723c751e8b465ee728b)  -> (artifact id: 'e0ca37cb282133f053d2cc81407fc40c') in 0.518236 seconds 
========================================================================
Received Import Request.
  Time since last request: 237.703464 seconds.
  path: Assets/ibah555TexturePack/StunedEffect/Stunned.vfx
  artifactKey: Guid(d53e4102a7503b34c98b2a0dc6cf4cb0) Importer(815301076,1909f56bfc062723c751e8b465ee728b)
Start importing Assets/ibah555TexturePack/StunedEffect/Stunned.vfx using Guid(d53e4102a7503b34c98b2a0dc6cf4cb0) Importer(815301076,1909f56bfc062723c751e8b465ee728b)  -> (artifact id: '390cc37176764fa6b6db5eab19757f2d') in 0.059250 seconds 
========================================================================
Received Import Request.
  Time since last request: 66.556708 seconds.
  path: Assets/ibah555TexturePack/StunedEffect/Stunned.vfx
  artifactKey: Guid(d53e4102a7503b34c98b2a0dc6cf4cb0) Importer(815301076,1909f56bfc062723c751e8b465ee728b)
Start importing Assets/ibah555TexturePack/StunedEffect/Stunned.vfx using Guid(d53e4102a7503b34c98b2a0dc6cf4cb0) Importer(815301076,1909f56bfc062723c751e8b465ee728b)  -> (artifact id: 'cdf4396a8b495d769f885237a992c6ca') in 0.046134 seconds 
