Using pre-set license
Built from '2021.3/staging' branch; Version is '2021.3.15f1 (e8e88683f834) revision 15263878'; Using compiler version '192829333'; Build Type 'Release'
OS: 'Windows 11  (10.0.22621) 64bit Core' Language: 'uk' Physical Memory: 15741 MB
BatchMode: 1, IsHumanControllingUs: 0, StartBugReporterOnCrash: 0, Is64bit: 1, IsPro: 1

COMMAND LINE ARGUMENTS:
F:\Unity\2021.3.15f1\Editor\Unity.exe
-adb2
-batchMode
-noUpm
-name
AssetImportWorker0
-projectPath
F:/Unity/Rekoni
-logFile
Logs/AssetImportWorker0.log
-srvPort
<<<<<<< Updated upstream
51279
=======
49923
>>>>>>> Stashed changes
Successfully changed project path to: F:/Unity/Rekoni
F:/Unity/Rekoni
[UnityMemory] Configuration Parameters - Can be set up in boot.config
    "memorysetup-bucket-allocator-granularity=16"
    "memorysetup-bucket-allocator-bucket-count=8"
    "memorysetup-bucket-allocator-block-size=33554432"
    "memorysetup-bucket-allocator-block-count=8"
    "memorysetup-main-allocator-block-size=16777216"
    "memorysetup-thread-allocator-block-size=16777216"
    "memorysetup-gfx-main-allocator-block-size=16777216"
    "memorysetup-gfx-thread-allocator-block-size=16777216"
    "memorysetup-cache-allocator-block-size=4194304"
    "memorysetup-typetree-allocator-block-size=2097152"
    "memorysetup-profiler-bucket-allocator-granularity=16"
    "memorysetup-profiler-bucket-allocator-bucket-count=8"
    "memorysetup-profiler-bucket-allocator-block-size=33554432"
    "memorysetup-profiler-bucket-allocator-block-count=8"
    "memorysetup-profiler-allocator-block-size=16777216"
    "memorysetup-profiler-editor-allocator-block-size=1048576"
    "memorysetup-temp-allocator-size-main=16777216"
    "memorysetup-job-temp-allocator-block-size=2097152"
    "memorysetup-job-temp-allocator-block-size-background=1048576"
    "memorysetup-job-temp-allocator-reduction-small-platforms=262144"
    "memorysetup-temp-allocator-size-background-worker=32768"
    "memorysetup-temp-allocator-size-job-worker=262144"
    "memorysetup-temp-allocator-size-preload-manager=33554432"
    "memorysetup-temp-allocator-size-nav-mesh-worker=65536"
    "memorysetup-temp-allocator-size-audio-worker=65536"
    "memorysetup-temp-allocator-size-cloud-worker=32768"
    "memorysetup-temp-allocator-size-gi-baking-worker=262144"
    "memorysetup-temp-allocator-size-gfx=262144"
<<<<<<< Updated upstream
Player connection [2472] Host "[IP] 192.168.1.6 [Port] 0 [Flags] 2 [Guid] 1474246757 [EditorId] 1474246757 [Version] 1048832 [Id] WindowsEditor(7,KyChort) [Debug] 1 [PackageName] WindowsEditor [ProjectName] Editor" joined multi-casting on [225.0.0.222:54997]...

Player connection [2472] Host "[IP] 192.168.1.6 [Port] 0 [Flags] 2 [Guid] 1474246757 [EditorId] 1474246757 [Version] 1048832 [Id] WindowsEditor(7,KyChort) [Debug] 1 [PackageName] WindowsEditor [ProjectName] Editor" joined alternative multi-casting on [225.0.0.222:34997]...

Refreshing native plugins compatible for Editor in 80.80 ms, found 3 plugins.
=======
Player connection [20748] Host "[IP] 192.168.1.4 [Port] 0 [Flags] 2 [Guid] 2035250534 [EditorId] 2035250534 [Version] 1048832 [Id] WindowsEditor(7,KyChort) [Debug] 1 [PackageName] WindowsEditor [ProjectName] Editor" joined multi-casting on [225.0.0.222:54997]...

Player connection [20748] Host "[IP] 192.168.1.4 [Port] 0 [Flags] 2 [Guid] 2035250534 [EditorId] 2035250534 [Version] 1048832 [Id] WindowsEditor(7,KyChort) [Debug] 1 [PackageName] WindowsEditor [ProjectName] Editor" joined alternative multi-casting on [225.0.0.222:34997]...

Refreshing native plugins compatible for Editor in 166.19 ms, found 3 plugins.
>>>>>>> Stashed changes
Preloading 0 native plugins for Editor in 0.00 ms.
Initialize engine version: 2021.3.15f1 (e8e88683f834)
[Subsystems] Discovering subsystems at path F:/Unity/2021.3.15f1/Editor/Data/Resources/UnitySubsystems
[Subsystems] Discovering subsystems at path F:/Unity/Rekoni/Assets
GfxDevice: creating device client; threaded=0; jobified=0
Direct3D:
    Version:  Direct3D 11.0 [level 11.1]
    Renderer: NVIDIA GeForce GTX 1650 (ID=0x1f99)
    Vendor:   NVIDIA
    VRAM:     3950 MB
    Driver:   31.0.15.3623
Initialize mono
Mono path[0] = 'F:/Unity/2021.3.15f1/Editor/Data/Managed'
Mono path[1] = 'F:/Unity/2021.3.15f1/Editor/Data/MonoBleedingEdge/lib/mono/unityjit-win32'
Mono config path = 'F:/Unity/2021.3.15f1/Editor/Data/MonoBleedingEdge/etc'
<<<<<<< Updated upstream
Using monoOptions --debugger-agent=transport=dt_socket,embedding=1,server=y,suspend=n,address=127.0.0.1:56984
=======
Using monoOptions --debugger-agent=transport=dt_socket,embedding=1,server=y,suspend=n,address=127.0.0.1:56388
>>>>>>> Stashed changes
Begin MonoManager ReloadAssembly
Registering precompiled unity dll's ...
Register platform support module: F:/Unity/2021.3.15f1/Editor/Data/PlaybackEngines/AndroidPlayer/UnityEditor.Android.Extensions.dll
Register platform support module: F:/Unity/2021.3.15f1/Editor/Data/PlaybackEngines/iOSSupport/UnityEditor.iOS.Extensions.dll
Register platform support module: F:/Unity/2021.3.15f1/Editor/Data/PlaybackEngines/WindowsStandaloneSupport/UnityEditor.WindowsStandalone.Extensions.dll
Register platform support module: F:/Unity/2021.3.15f1/Editor/Data/PlaybackEngines/MetroSupport/UnityEditor.UWP.Extensions.dll
<<<<<<< Updated upstream
Registered in 0.005018 seconds.
=======
Registered in 0.003915 seconds.
>>>>>>> Stashed changes
Native extension for UWP target not found
Native extension for WindowsStandalone target not found
[usbmuxd] Start listen thread
[usbmuxd] Listen thread started
Native extension for iOS target not found
Native extension for Android target not found
<<<<<<< Updated upstream
Refreshing native plugins compatible for Editor in 91.72 ms, found 3 plugins.
Preloading 0 native plugins for Editor in 0.00 ms.
Mono: successfully reloaded assembly
- Completed reload, in  0.868 seconds
Domain Reload Profiling:
	ReloadAssembly (873ms)
		BeginReloadAssembly (130ms)
=======
Refreshing native plugins compatible for Editor in 90.95 ms, found 3 plugins.
Preloading 0 native plugins for Editor in 0.00 ms.
Mono: successfully reloaded assembly
- Completed reload, in  0.667 seconds
Domain Reload Profiling:
	ReloadAssembly (667ms)
		BeginReloadAssembly (70ms)
>>>>>>> Stashed changes
			ExecutionOrderSort (0ms)
			DisableScriptedObjects (0ms)
			BackupInstance (0ms)
			ReleaseScriptingObjects (0ms)
			CreateAndSetChildDomain (1ms)
<<<<<<< Updated upstream
		EndReloadAssembly (608ms)
			LoadAssemblies (125ms)
=======
		EndReloadAssembly (495ms)
			LoadAssemblies (68ms)
>>>>>>> Stashed changes
			RebuildTransferFunctionScriptingTraits (0ms)
			SetupTypeCache (115ms)
			ReleaseScriptCaches (0ms)
			RebuildScriptCaches (30ms)
<<<<<<< Updated upstream
			SetupLoadedEditorAssemblies (409ms)
				LogAssemblyErrors (0ms)
				InitializePlatformSupportModulesInManaged (71ms)
				SetLoadedEditorAssemblies (0ms)
				RefreshPlugins (92ms)
				BeforeProcessingInitializeOnLoad (1ms)
				ProcessInitializeOnLoadAttributes (182ms)
				ProcessInitializeOnLoadMethodAttributes (62ms)
=======
			SetupLoadedEditorAssemblies (293ms)
				LogAssemblyErrors (0ms)
				InitializePlatformSupportModulesInManaged (63ms)
				SetLoadedEditorAssemblies (0ms)
				RefreshPlugins (91ms)
				BeforeProcessingInitializeOnLoad (1ms)
				ProcessInitializeOnLoadAttributes (93ms)
				ProcessInitializeOnLoadMethodAttributes (44ms)
>>>>>>> Stashed changes
				AfterProcessingInitializeOnLoad (0ms)
				EditorAssembliesLoaded (0ms)
			ExecutionOrderSort2 (0ms)
			AwakeInstancesAfterBackupRestoration (0ms)
Platform modules already initialized, skipping
Registering precompiled user dll's ...
<<<<<<< Updated upstream
Registered in 0.007870 seconds.
=======
Registered in 0.004707 seconds.
>>>>>>> Stashed changes
Begin MonoManager ReloadAssembly
Symbol file LoadedFromMemory doesn't match image F:\Unity\Rekoni\Library\PackageCache\com.unity.visualscripting@1.7.8\Editor\VisualScripting.Core\Dependencies\YamlDotNet\Unity.VisualScripting.YamlDotNet.dll
Symbol file LoadedFromMemory doesn't match image F:\Unity\Rekoni\Library\PackageCache\com.unity.visualscripting@1.7.8\Editor\VisualScripting.Core\Dependencies\DotNetZip\Unity.VisualScripting.IonicZip.dll
Native extension for UWP target not found
Native extension for WindowsStandalone target not found
Native extension for iOS target not found
Native extension for Android target not found
<<<<<<< Updated upstream
Refreshing native plugins compatible for Editor in 0.81 ms, found 3 plugins.
Preloading 0 native plugins for Editor in 0.00 ms.
Mono: successfully reloaded assembly
- Completed reload, in  1.582 seconds
Domain Reload Profiling:
	ReloadAssembly (1583ms)
		BeginReloadAssembly (288ms)
			ExecutionOrderSort (0ms)
			DisableScriptedObjects (10ms)
			BackupInstance (0ms)
			ReleaseScriptingObjects (0ms)
			CreateAndSetChildDomain (130ms)
		EndReloadAssembly (1119ms)
			LoadAssemblies (130ms)
			RebuildTransferFunctionScriptingTraits (0ms)
			SetupTypeCache (379ms)
			ReleaseScriptCaches (1ms)
			RebuildScriptCaches (77ms)
			SetupLoadedEditorAssemblies (492ms)
=======
Refreshing native plugins compatible for Editor in 1.12 ms, found 3 plugins.
Preloading 0 native plugins for Editor in 0.00 ms.
Mono: successfully reloaded assembly
- Completed reload, in  1.323 seconds
Domain Reload Profiling:
	ReloadAssembly (1324ms)
		BeginReloadAssembly (222ms)
			ExecutionOrderSort (0ms)
			DisableScriptedObjects (5ms)
			BackupInstance (0ms)
			ReleaseScriptingObjects (0ms)
			CreateAndSetChildDomain (132ms)
		EndReloadAssembly (981ms)
			LoadAssemblies (85ms)
			RebuildTransferFunctionScriptingTraits (0ms)
			SetupTypeCache (310ms)
			ReleaseScriptCaches (1ms)
			RebuildScriptCaches (70ms)
			SetupLoadedEditorAssemblies (450ms)
>>>>>>> Stashed changes
				LogAssemblyErrors (0ms)
				InitializePlatformSupportModulesInManaged (27ms)
				SetLoadedEditorAssemblies (1ms)
				RefreshPlugins (1ms)
<<<<<<< Updated upstream
				BeforeProcessingInitializeOnLoad (97ms)
				ProcessInitializeOnLoadAttributes (326ms)
				ProcessInitializeOnLoadMethodAttributes (32ms)
				AfterProcessingInitializeOnLoad (8ms)
				EditorAssembliesLoaded (0ms)
			ExecutionOrderSort2 (0ms)
			AwakeInstancesAfterBackupRestoration (6ms)
Platform modules already initialized, skipping
========================================================================
Worker process is ready to serve import requests
Launched and connected shader compiler UnityShaderCompiler.exe after 0.07 seconds
Refreshing native plugins compatible for Editor in 0.78 ms, found 3 plugins.
Preloading 0 native plugins for Editor in 0.00 ms.
Unloading 3363 Unused Serialized files (Serialized files now loaded: 0)
Unloading 27 unused Assets / (113.8 KB). Loaded Objects now: 3825.
Memory consumption went from 116.0 MB to 115.9 MB.
Total: 3.356400 ms (FindLiveObjects: 0.311600 ms CreateObjectMapping: 0.106100 ms MarkObjects: 2.731500 ms  DeleteObjects: 0.205400 ms)
=======
				BeforeProcessingInitializeOnLoad (85ms)
				ProcessInitializeOnLoadAttributes (305ms)
				ProcessInitializeOnLoadMethodAttributes (26ms)
				AfterProcessingInitializeOnLoad (5ms)
				EditorAssembliesLoaded (0ms)
			ExecutionOrderSort2 (0ms)
			AwakeInstancesAfterBackupRestoration (7ms)
Platform modules already initialized, skipping
========================================================================
Worker process is ready to serve import requests
Launched and connected shader compiler UnityShaderCompiler.exe after 0.06 seconds
Refreshing native plugins compatible for Editor in 1.31 ms, found 3 plugins.
Preloading 0 native plugins for Editor in 0.00 ms.
Unloading 3551 Unused Serialized files (Serialized files now loaded: 0)
Unloading 37 unused Assets / (1.3 MB). Loaded Objects now: 4002.
Memory consumption went from 133.0 MB to 131.7 MB.
Total: 3.791200 ms (FindLiveObjects: 0.348000 ms CreateObjectMapping: 0.137100 ms MarkObjects: 2.944100 ms  DeleteObjects: 0.360200 ms)
>>>>>>> Stashed changes

AssetImportParameters requested are different than current active one (requested -> active):
  custom:video-decoder-ogg-theora: a1e56fd34408186e4bbccfd4996cb3dc -> 
  custom:container-muxer-webm: aa71ff27fc2769a1b78a27578f13a17b -> 
  custom:container-demuxer-webm: 4f35f7cbe854078d1ac9338744f61a02 -> 
  custom:video-encoder-webm-vp8: eb34c28f22e8b96e1ab97ce403110664 -> 
  custom:video-codec-MediaFoundation-h265: 746d11721c4dcdbdad8f713fa42b33f4 -> 
  custom:audio-encoder-webm-vorbis: bf7c407c2cedff20999df2af8eb42d56 -> 
  custom:framework-win-MediaFoundation: 216162199b28c13a410421893ffa2e32 -> 
  custom:container-demuxer-ogg: 62fdf1f143b41e24485cea50d1cbac27 -> 
  custom:video-decoder-webm-vp8: 9c59270c3fd7afecdb556c50c9e8de78 -> 
  custom:audio-decoder-ogg-vorbis: bf7c407c2cedff20999df2af8eb42d56 -> 
========================================================================
Received Import Request.
<<<<<<< Updated upstream
  Time since last request: 4057.801159 seconds.
  path: Assets/Scripts/MovementCharacter.cs
  artifactKey: Guid(6d68de47206e8344fb71524a68318ef7) Importer(815301076,1909f56bfc062723c751e8b465ee728b)
Start importing Assets/Scripts/MovementCharacter.cs using Guid(6d68de47206e8344fb71524a68318ef7) Importer(815301076,1909f56bfc062723c751e8b465ee728b)  -> (artifact id: '979d7df78d6b676b3aa7fa98599157dd') in 0.050745 seconds 
========================================================================
Received Prepare
Registering precompiled user dll's ...
Registered in 0.007297 seconds.
=======
  Time since last request: 419.966716 seconds.
  path: Assets/ibah555TexturePack/SkilAnimations/CastAnimationTry999.fbx
  artifactKey: Guid(77dcaec285bf898409b1e7f10452ca0f) Importer(815301076,1909f56bfc062723c751e8b465ee728b)
Start importing Assets/ibah555TexturePack/SkilAnimations/CastAnimationTry999.fbx using Guid(77dcaec285bf898409b1e7f10452ca0f) Importer(815301076,1909f56bfc062723c751e8b465ee728b)  -> (artifact id: '3ce3b95894740e0d475332c4056568d5') in 0.392877 seconds 
========================================================================
Received Import Request.
  Time since last request: 32.489346 seconds.
  path: Assets/Scenes/TestScene2.unity
  artifactKey: Guid(64baccbded9b470429a7811c07f15f6c) Importer(815301076,1909f56bfc062723c751e8b465ee728b)
Start importing Assets/Scenes/TestScene2.unity using Guid(64baccbded9b470429a7811c07f15f6c) Importer(815301076,1909f56bfc062723c751e8b465ee728b)  -> (artifact id: 'fb3ef816aea745d16a13e0faa00de778') in 0.011755 seconds 
========================================================================
Received Prepare
Registering precompiled user dll's ...
Registered in 0.020101 seconds.
>>>>>>> Stashed changes
Begin MonoManager ReloadAssembly
Symbol file LoadedFromMemory doesn't match image F:\Unity\Rekoni\Library\PackageCache\com.unity.visualscripting@1.7.8\Editor\VisualScripting.Core\Dependencies\YamlDotNet\Unity.VisualScripting.YamlDotNet.dll
Symbol file LoadedFromMemory doesn't match image F:\Unity\Rekoni\Library\PackageCache\com.unity.visualscripting@1.7.8\Editor\VisualScripting.Core\Dependencies\DotNetZip\Unity.VisualScripting.IonicZip.dll
Native extension for UWP target not found
Native extension for WindowsStandalone target not found
Native extension for iOS target not found
Native extension for Android target not found
<<<<<<< Updated upstream
Refreshing native plugins compatible for Editor in 0.79 ms, found 3 plugins.
Preloading 0 native plugins for Editor in 0.00 ms.
Mono: successfully reloaded assembly
- Completed reload, in  1.068 seconds
Domain Reload Profiling:
	ReloadAssembly (1069ms)
		BeginReloadAssembly (143ms)
			ExecutionOrderSort (0ms)
			DisableScriptedObjects (6ms)
			BackupInstance (0ms)
			ReleaseScriptingObjects (0ms)
			CreateAndSetChildDomain (40ms)
		EndReloadAssembly (823ms)
			LoadAssemblies (90ms)
			RebuildTransferFunctionScriptingTraits (0ms)
			SetupTypeCache (308ms)
			ReleaseScriptCaches (1ms)
			RebuildScriptCaches (43ms)
			SetupLoadedEditorAssemblies (336ms)
				LogAssemblyErrors (0ms)
				InitializePlatformSupportModulesInManaged (34ms)
				SetLoadedEditorAssemblies (0ms)
				RefreshPlugins (1ms)
				BeforeProcessingInitializeOnLoad (67ms)
				ProcessInitializeOnLoadAttributes (204ms)
				ProcessInitializeOnLoadMethodAttributes (24ms)
				AfterProcessingInitializeOnLoad (5ms)
				EditorAssembliesLoaded (0ms)
			ExecutionOrderSort2 (0ms)
			AwakeInstancesAfterBackupRestoration (7ms)
Platform modules already initialized, skipping
Refreshing native plugins compatible for Editor in 1.79 ms, found 3 plugins.
Preloading 0 native plugins for Editor in 0.00 ms.
Unloading 3358 Unused Serialized files (Serialized files now loaded: 0)
Unloading 20 unused Assets / (80.2 KB). Loaded Objects now: 3828.
Memory consumption went from 116.0 MB to 115.9 MB.
Total: 3.090500 ms (FindLiveObjects: 0.254900 ms CreateObjectMapping: 0.075700 ms MarkObjects: 2.656700 ms  DeleteObjects: 0.101800 ms)
=======
Refreshing native plugins compatible for Editor in 122.01 ms, found 3 plugins.
Preloading 0 native plugins for Editor in 0.00 ms.
Mono: successfully reloaded assembly
- Completed reload, in  1.493 seconds
Domain Reload Profiling:
	ReloadAssembly (1493ms)
		BeginReloadAssembly (160ms)
			ExecutionOrderSort (0ms)
			DisableScriptedObjects (5ms)
			BackupInstance (0ms)
			ReleaseScriptingObjects (0ms)
			CreateAndSetChildDomain (51ms)
		EndReloadAssembly (1222ms)
			LoadAssemblies (103ms)
			RebuildTransferFunctionScriptingTraits (0ms)
			SetupTypeCache (379ms)
			ReleaseScriptCaches (1ms)
			RebuildScriptCaches (41ms)
			SetupLoadedEditorAssemblies (642ms)
				LogAssemblyErrors (0ms)
				InitializePlatformSupportModulesInManaged (37ms)
				SetLoadedEditorAssemblies (0ms)
				RefreshPlugins (122ms)
				BeforeProcessingInitializeOnLoad (76ms)
				ProcessInitializeOnLoadAttributes (302ms)
				ProcessInitializeOnLoadMethodAttributes (99ms)
				AfterProcessingInitializeOnLoad (5ms)
				EditorAssembliesLoaded (0ms)
			ExecutionOrderSort2 (0ms)
			AwakeInstancesAfterBackupRestoration (6ms)
Platform modules already initialized, skipping
Shader 'Universal Render Pipeline/Nature/SpeedTree7': fallback shader 'Hidden/Universal Render Pipeline/FallbackError' not found
Shader 'Universal Render Pipeline/Nature/SpeedTree7': dependency 'BillboardShader' shader 'Universal Render Pipeline/Nature/SpeedTree7 Billboard' not found
Shader 'Hidden/Universal Render Pipeline/Terrain/Lit (Base Pass)': fallback shader 'Hidden/Universal Render Pipeline/FallbackError' not found
WARNING: Shader Unsupported: 'Hidden/Universal Render Pipeline/Terrain/Lit (Base Pass)' - All subshaders removed
WARNING: Shader Did you use #pragma only_renderers and omit this platform?
WARNING: Shader If subshaders removal was intentional, you may have forgotten turning Fallback off?
WARNING: Shader Unsupported: 'Hidden/Universal Render Pipeline/Terrain/Lit (Base Pass)' - All subshaders removed
WARNING: Shader Did you use #pragma only_renderers and omit this platform?
WARNING: Shader If subshaders removal was intentional, you may have forgotten turning Fallback off?
Shader 'Hidden/Universal Render Pipeline/Terrain/Lit (Add Pass)': fallback shader 'Hidden/Universal Render Pipeline/FallbackError' not found
Shader 'Hidden/Universal Render Pipeline/FallbackError': fallback shader 'Hidden/Core/FallbackError' not found
Shader 'Universal Render Pipeline/Baked Lit': fallback shader 'Universal Render Pipeline/Unlit' not found
Refreshing native plugins compatible for Editor in 2.42 ms, found 3 plugins.
Preloading 0 native plugins for Editor in 0.00 ms.
Unloading 5231 Unused Serialized files (Serialized files now loaded: 0)
Unloading 111 unused Assets / (7.7 MB). Loaded Objects now: 5695.
Memory consumption went from 211.5 MB to 203.8 MB.
Total: 7.598700 ms (FindLiveObjects: 0.758900 ms CreateObjectMapping: 0.561400 ms MarkObjects: 3.380200 ms  DeleteObjects: 2.896300 ms)
>>>>>>> Stashed changes

AssetImportParameters requested are different than current active one (requested -> active):
  custom:video-decoder-ogg-theora: a1e56fd34408186e4bbccfd4996cb3dc -> 
  custom:container-muxer-webm: aa71ff27fc2769a1b78a27578f13a17b -> 
  custom:container-demuxer-webm: 4f35f7cbe854078d1ac9338744f61a02 -> 
  custom:video-encoder-webm-vp8: eb34c28f22e8b96e1ab97ce403110664 -> 
  custom:video-codec-MediaFoundation-h265: 746d11721c4dcdbdad8f713fa42b33f4 -> 
  custom:audio-encoder-webm-vorbis: bf7c407c2cedff20999df2af8eb42d56 -> 
  custom:framework-win-MediaFoundation: 216162199b28c13a410421893ffa2e32 -> 
  custom:container-demuxer-ogg: 62fdf1f143b41e24485cea50d1cbac27 -> 
  custom:video-decoder-webm-vp8: 9c59270c3fd7afecdb556c50c9e8de78 -> 
  custom:audio-decoder-ogg-vorbis: bf7c407c2cedff20999df2af8eb42d56 -> 
========================================================================
Received Import Request.
<<<<<<< Updated upstream
  Time since last request: 723.805329 seconds.
  path: Assets/Scripts/MovementCharacter.cs
  artifactKey: Guid(6d68de47206e8344fb71524a68318ef7) Importer(815301076,1909f56bfc062723c751e8b465ee728b)
Start importing Assets/Scripts/MovementCharacter.cs using Guid(6d68de47206e8344fb71524a68318ef7) Importer(815301076,1909f56bfc062723c751e8b465ee728b)  -> (artifact id: 'c1f4973e868b54feb4e46f1ba0df276f') in 0.008122 seconds 
========================================================================
Received Import Request.
  Time since last request: 1490.952302 seconds.
  path: Assets/Scripts/MovementCharacter.cs
  artifactKey: Guid(6d68de47206e8344fb71524a68318ef7) Importer(815301076,1909f56bfc062723c751e8b465ee728b)
Start importing Assets/Scripts/MovementCharacter.cs using Guid(6d68de47206e8344fb71524a68318ef7) Importer(815301076,1909f56bfc062723c751e8b465ee728b)  -> (artifact id: 'd9c28db137a2a3c8e061893c2a5cce8c') in 0.002556 seconds 
========================================================================
Received Prepare
Registering precompiled user dll's ...
Registered in 0.005396 seconds.
Begin MonoManager ReloadAssembly
Symbol file LoadedFromMemory doesn't match image F:\Unity\Rekoni\Library\PackageCache\com.unity.visualscripting@1.7.8\Editor\VisualScripting.Core\Dependencies\YamlDotNet\Unity.VisualScripting.YamlDotNet.dll
Symbol file LoadedFromMemory doesn't match image F:\Unity\Rekoni\Library\PackageCache\com.unity.visualscripting@1.7.8\Editor\VisualScripting.Core\Dependencies\DotNetZip\Unity.VisualScripting.IonicZip.dll
Native extension for UWP target not found
Native extension for WindowsStandalone target not found
Native extension for iOS target not found
Native extension for Android target not found
Refreshing native plugins compatible for Editor in 0.75 ms, found 3 plugins.
Preloading 0 native plugins for Editor in 0.00 ms.
Mono: successfully reloaded assembly
- Completed reload, in  1.289 seconds
Domain Reload Profiling:
	ReloadAssembly (1290ms)
		BeginReloadAssembly (163ms)
			ExecutionOrderSort (0ms)
			DisableScriptedObjects (7ms)
			BackupInstance (0ms)
			ReleaseScriptingObjects (0ms)
			CreateAndSetChildDomain (45ms)
		EndReloadAssembly (989ms)
			LoadAssemblies (111ms)
			RebuildTransferFunctionScriptingTraits (0ms)
			SetupTypeCache (359ms)
			ReleaseScriptCaches (2ms)
			RebuildScriptCaches (59ms)
			SetupLoadedEditorAssemblies (403ms)
				LogAssemblyErrors (0ms)
				InitializePlatformSupportModulesInManaged (38ms)
				SetLoadedEditorAssemblies (1ms)
				RefreshPlugins (1ms)
				BeforeProcessingInitializeOnLoad (67ms)
				ProcessInitializeOnLoadAttributes (259ms)
				ProcessInitializeOnLoadMethodAttributes (32ms)
				AfterProcessingInitializeOnLoad (5ms)
				EditorAssembliesLoaded (0ms)
			ExecutionOrderSort2 (0ms)
			AwakeInstancesAfterBackupRestoration (6ms)
Platform modules already initialized, skipping
Refreshing native plugins compatible for Editor in 2.46 ms, found 3 plugins.
Preloading 0 native plugins for Editor in 0.00 ms.
Unloading 3358 Unused Serialized files (Serialized files now loaded: 0)
Unloading 20 unused Assets / (80.2 KB). Loaded Objects now: 3831.
Memory consumption went from 116.1 MB to 116.0 MB.
Total: 3.975200 ms (FindLiveObjects: 0.334800 ms CreateObjectMapping: 0.187200 ms MarkObjects: 3.354300 ms  DeleteObjects: 0.097300 ms)
=======
  Time since last request: 406.236226 seconds.
  path: Assets/Settings
  artifactKey: Guid(8702a525738daf64ca9713eeef14fb39) Importer(815301076,1909f56bfc062723c751e8b465ee728b)
Start importing Assets/Settings using Guid(8702a525738daf64ca9713eeef14fb39) Importer(815301076,1909f56bfc062723c751e8b465ee728b)  -> (artifact id: '5c02a1365a15a14badc3a4b68f177193') in 0.020801 seconds 
========================================================================
Received Import Request.
  Time since last request: 43.182040 seconds.
  path: Assets/Settings/New Universal Render Pipeline Asset.asset
  artifactKey: Guid(4301649f64fa1c446b1a1d37d53abc9a) Importer(815301076,1909f56bfc062723c751e8b465ee728b)
Start importing Assets/Settings/New Universal Render Pipeline Asset.asset using Guid(4301649f64fa1c446b1a1d37d53abc9a) Importer(815301076,1909f56bfc062723c751e8b465ee728b)  -> (artifact id: '8bda3af967f3a81d6402f220b6ea1fec') in 0.061215 seconds 
========================================================================
Received Import Request.
  Time since last request: 0.027734 seconds.
  path: Assets/Settings/New Universal Render Pipeline Asset_Renderer.asset
  artifactKey: Guid(899d70caff4c2f24ca36d713974f9cf1) Importer(815301076,1909f56bfc062723c751e8b465ee728b)
Start importing Assets/Settings/New Universal Render Pipeline Asset_Renderer.asset using Guid(899d70caff4c2f24ca36d713974f9cf1) Importer(815301076,1909f56bfc062723c751e8b465ee728b)  -> (artifact id: 'e20bf7eac4f606e0993b6c865271e641') in 0.041613 seconds 
========================================================================
Received Prepare
Switching render pipeline 00000000000000000000000000000000 -> 4301649f64fa1c446b1a1d37d53abc9a
Refreshing native plugins compatible for Editor in 7.81 ms, found 3 plugins.
Preloading 0 native plugins for Editor in 0.00 ms.
Unloading 159 Unused Serialized files (Serialized files now loaded: 0)
Unloading 83 unused Assets / (5.8 MB). Loaded Objects now: 5771.
Memory consumption went from 112.8 MB to 107.0 MB.
Total: 7.441300 ms (FindLiveObjects: 0.477100 ms CreateObjectMapping: 0.331100 ms MarkObjects: 3.593600 ms  DeleteObjects: 3.037900 ms)
>>>>>>> Stashed changes

AssetImportParameters requested are different than current active one (requested -> active):
  custom:video-decoder-ogg-theora: a1e56fd34408186e4bbccfd4996cb3dc -> 
  custom:container-muxer-webm: aa71ff27fc2769a1b78a27578f13a17b -> 
  custom:container-demuxer-webm: 4f35f7cbe854078d1ac9338744f61a02 -> 
  custom:video-encoder-webm-vp8: eb34c28f22e8b96e1ab97ce403110664 -> 
  custom:video-codec-MediaFoundation-h265: 746d11721c4dcdbdad8f713fa42b33f4 -> 
  custom:audio-encoder-webm-vorbis: bf7c407c2cedff20999df2af8eb42d56 -> 
  custom:framework-win-MediaFoundation: 216162199b28c13a410421893ffa2e32 -> 
  custom:container-demuxer-ogg: 62fdf1f143b41e24485cea50d1cbac27 -> 
  custom:video-decoder-webm-vp8: 9c59270c3fd7afecdb556c50c9e8de78 -> 
  custom:audio-decoder-ogg-vorbis: bf7c407c2cedff20999df2af8eb42d56 -> 
<<<<<<< Updated upstream
=======
========================================================================
Received Import Request.
  Time since last request: 52.289513 seconds.
  path: Assets/Settings/New Universal Render Pipeline Asset.asset
  artifactKey: Guid(4301649f64fa1c446b1a1d37d53abc9a) Importer(815301076,1909f56bfc062723c751e8b465ee728b)
Start importing Assets/Settings/New Universal Render Pipeline Asset.asset using Guid(4301649f64fa1c446b1a1d37d53abc9a) Importer(815301076,1909f56bfc062723c751e8b465ee728b)  -> (artifact id: 'b365f56acc839c4d9f154476fa09d024') in 0.009400 seconds 
========================================================================
Received Import Request.
  Time since last request: 20.433839 seconds.
  path: Assets/UniversalRenderPipelineGlobalSettings.asset
  artifactKey: Guid(7cef3cd1287f4724dbe3119526e351c5) Importer(815301076,1909f56bfc062723c751e8b465ee728b)
Start importing Assets/UniversalRenderPipelineGlobalSettings.asset using Guid(7cef3cd1287f4724dbe3119526e351c5) Importer(815301076,1909f56bfc062723c751e8b465ee728b)  -> (artifact id: '92094a4213771bd2452331f01f628ee9') in 0.015667 seconds 
========================================================================
Received Import Request.
  Time since last request: 3.088620 seconds.
  path: Assets/Materials/Box.mat
  artifactKey: Guid(825eefa014651a840bfa2b8606314682) Importer(815301076,1909f56bfc062723c751e8b465ee728b)
Start importing Assets/Materials/Box.mat using Guid(825eefa014651a840bfa2b8606314682) Importer(815301076,1909f56bfc062723c751e8b465ee728b)  -> (artifact id: 'f2536c6cd2dd2ef9d80c1ebe197cfc71') in 0.618997 seconds 
========================================================================
Received Import Request.
  Time since last request: 0.000030 seconds.
  path: Assets/Materials/BoxNew.mat
  artifactKey: Guid(612c2bcb2d40fee43912fe693c5307ab) Importer(815301076,1909f56bfc062723c751e8b465ee728b)
Start importing Assets/Materials/BoxNew.mat using Guid(612c2bcb2d40fee43912fe693c5307ab) Importer(815301076,1909f56bfc062723c751e8b465ee728b)  -> (artifact id: '547147987ec797aa9c3d6c2fb73a565b') in 0.033968 seconds 
========================================================================
Received Import Request.
  Time since last request: 0.000039 seconds.
  path: Assets/Materials/BoxOld.mat
  artifactKey: Guid(79671548a16c1da468b52f7ca5064407) Importer(815301076,1909f56bfc062723c751e8b465ee728b)
Start importing Assets/Materials/BoxOld.mat using Guid(79671548a16c1da468b52f7ca5064407) Importer(815301076,1909f56bfc062723c751e8b465ee728b)  -> (artifact id: '53cc50b385396c2619c77bcf93dc6099') in 0.017611 seconds 
========================================================================
Received Import Request.
  Time since last request: 0.000044 seconds.
  path: Assets/Materials/Door.mat
  artifactKey: Guid(49d88e050b0bc584dba45a0661fd323a) Importer(815301076,1909f56bfc062723c751e8b465ee728b)
Start importing Assets/Materials/Door.mat using Guid(49d88e050b0bc584dba45a0661fd323a) Importer(815301076,1909f56bfc062723c751e8b465ee728b)  -> (artifact id: 'd141acf5dea537c82a1b8f67082663f0') in 0.604960 seconds 
========================================================================
Received Import Request.
  Time since last request: 0.000032 seconds.
  path: Assets/Materials/WallOld.mat
  artifactKey: Guid(9c523909ac992e54e8b55b237ae11fbf) Importer(815301076,1909f56bfc062723c751e8b465ee728b)
Start importing Assets/Materials/WallOld.mat using Guid(9c523909ac992e54e8b55b237ae11fbf) Importer(815301076,1909f56bfc062723c751e8b465ee728b)  -> (artifact id: 'afdc0e4ee5bc847d2967d717855b1f7f') in 0.031258 seconds 
========================================================================
Received Import Request.
  Time since last request: 0.000034 seconds.
  path: Assets/Materials/BoxForMoveOld.mat
  artifactKey: Guid(8ea1c8fb922084843af8eb67deb5ce19) Importer(815301076,1909f56bfc062723c751e8b465ee728b)
Start importing Assets/Materials/BoxForMoveOld.mat using Guid(8ea1c8fb922084843af8eb67deb5ce19) Importer(815301076,1909f56bfc062723c751e8b465ee728b)  -> (artifact id: '701666c0611d8d1500e3e35f16741a4d') in 0.021245 seconds 
========================================================================
Received Import Request.
  Time since last request: 0.000027 seconds.
  path: Assets/Materials/ButtonUp.mat
  artifactKey: Guid(fc3f23207f58af349a385599e2fe461f) Importer(815301076,1909f56bfc062723c751e8b465ee728b)
Start importing Assets/Materials/ButtonUp.mat using Guid(fc3f23207f58af349a385599e2fe461f) Importer(815301076,1909f56bfc062723c751e8b465ee728b)  -> (artifact id: '880c779dd2969e5f82cc930db53ebddd') in 0.024185 seconds 
========================================================================
Received Import Request.
  Time since last request: 0.000025 seconds.
  path: Assets/Materials/WallToClimb.mat
  artifactKey: Guid(fd62f3f442403254b92d219e945a7217) Importer(815301076,1909f56bfc062723c751e8b465ee728b)
Start importing Assets/Materials/WallToClimb.mat using Guid(fd62f3f442403254b92d219e945a7217) Importer(815301076,1909f56bfc062723c751e8b465ee728b)  -> (artifact id: '1237c6544cbd346817169cf75b7083cb') in 0.035021 seconds 
========================================================================
Received Import Request.
  Time since last request: 0.000022 seconds.
  path: Assets/Materials/WallNew.mat
  artifactKey: Guid(531f225b568b366449252e387b76da17) Importer(815301076,1909f56bfc062723c751e8b465ee728b)
Start importing Assets/Materials/WallNew.mat using Guid(531f225b568b366449252e387b76da17) Importer(815301076,1909f56bfc062723c751e8b465ee728b)  -> (artifact id: 'c5ce682788d0699789e085ea332b42d2') in 0.038953 seconds 
========================================================================
Received Import Request.
  Time since last request: 0.000028 seconds.
  path: Assets/Materials/FloorNew.mat
  artifactKey: Guid(1e192e76fb1f8634f8caa4ee0900614b) Importer(815301076,1909f56bfc062723c751e8b465ee728b)
Start importing Assets/Materials/FloorNew.mat using Guid(1e192e76fb1f8634f8caa4ee0900614b) Importer(815301076,1909f56bfc062723c751e8b465ee728b)  -> (artifact id: 'bdecc00baa8687cc4c29da6a0f5e3e8a') in 0.017944 seconds 
========================================================================
Received Import Request.
  Time since last request: 0.000037 seconds.
  path: Assets/Materials/FloorOld.mat
  artifactKey: Guid(35994b2eac881d246817e5e817dcdbc1) Importer(815301076,1909f56bfc062723c751e8b465ee728b)
Start importing Assets/Materials/FloorOld.mat using Guid(35994b2eac881d246817e5e817dcdbc1) Importer(815301076,1909f56bfc062723c751e8b465ee728b)  -> (artifact id: '0a204d4395487536a1dfe0123170d206') in 0.025979 seconds 
========================================================================
Received Import Request.
  Time since last request: 0.000032 seconds.
  path: Assets/Materials/ButtonDown.mat
  artifactKey: Guid(d3eab0d98d017074295ec8830a9e2e54) Importer(815301076,1909f56bfc062723c751e8b465ee728b)
Start importing Assets/Materials/ButtonDown.mat using Guid(d3eab0d98d017074295ec8830a9e2e54) Importer(815301076,1909f56bfc062723c751e8b465ee728b)  -> (artifact id: '5ba7969ff86f92533120b257f59b6764') in 0.020271 seconds 
========================================================================
Received Import Request.
  Time since last request: 31.909540 seconds.
  path: Assets/ibah555TexturePack/AnotherObjects/Barrel.png
  artifactKey: Guid(1d617224737ac0441a95bb1b77b4d22e) Importer(815301076,1909f56bfc062723c751e8b465ee728b)
Start importing Assets/ibah555TexturePack/AnotherObjects/Barrel.png using Guid(1d617224737ac0441a95bb1b77b4d22e) Importer(815301076,1909f56bfc062723c751e8b465ee728b)  -> (artifact id: 'f4504424b74da409f38de9cf5951a5fd') in 0.142667 seconds 
========================================================================
Received Import Request.
  Time since last request: 0.000050 seconds.
  path: Assets/ibah555TexturePack/AnotherObjects/RoadConus.fbx
  artifactKey: Guid(d02c948b71b14c244b99a55799cb8775) Importer(815301076,1909f56bfc062723c751e8b465ee728b)
Start importing Assets/ibah555TexturePack/AnotherObjects/RoadConus.fbx using Guid(d02c948b71b14c244b99a55799cb8775) Importer(815301076,1909f56bfc062723c751e8b465ee728b)  -> (artifact id: 'ae915e5c4508d2780dca0fbe14b782e7') in 1.912222 seconds 
========================================================================
Received Import Request.
  Time since last request: 5.602790 seconds.
  path: Assets/ibah555TexturePack/Cliff/Clif_2.fbx
  artifactKey: Guid(f645bf23af9e4b744b9e84b9156a1cdf) Importer(815301076,1909f56bfc062723c751e8b465ee728b)
Start importing Assets/ibah555TexturePack/Cliff/Clif_2.fbx using Guid(f645bf23af9e4b744b9e84b9156a1cdf) Importer(815301076,1909f56bfc062723c751e8b465ee728b)  -> (artifact id: '89c91b1b0f667e766d00defa2273ed8f') in 0.057190 seconds 
========================================================================
Received Import Request.
  Time since last request: 32.313166 seconds.
  path: Assets/ibah555TexturePack/MoveBoxTexture/TestBox_1.png
  artifactKey: Guid(3e0526fb3b01f414caf0fa4db347ca6b) Importer(815301076,1909f56bfc062723c751e8b465ee728b)
Start importing Assets/ibah555TexturePack/MoveBoxTexture/TestBox_1.png using Guid(3e0526fb3b01f414caf0fa4db347ca6b) Importer(815301076,1909f56bfc062723c751e8b465ee728b)  -> (artifact id: 'cffd757e7ffd34780382b572aead173e') in 0.241839 seconds 
========================================================================
Received Import Request.
  Time since last request: 0.000075 seconds.
  path: Assets/ibah555TexturePack/MoveBoxTexture/TestSecondBox_1.png
  artifactKey: Guid(a23bcf13bf90a92428312287e78aeb78) Importer(815301076,1909f56bfc062723c751e8b465ee728b)
Start importing Assets/ibah555TexturePack/MoveBoxTexture/TestSecondBox_1.png using Guid(a23bcf13bf90a92428312287e78aeb78) Importer(815301076,1909f56bfc062723c751e8b465ee728b)  -> (artifact id: '0cb4f2f89d9541ce49b43ca305f9ef0c') in 0.127945 seconds 
========================================================================
Received Import Request.
  Time since last request: 0.000036 seconds.
  path: Assets/ibah555TexturePack/MoveBoxTexture/TestSecondBox_3.png
  artifactKey: Guid(08b7a4d34a5e08f41b2f54f6d83e443d) Importer(815301076,1909f56bfc062723c751e8b465ee728b)
Start importing Assets/ibah555TexturePack/MoveBoxTexture/TestSecondBox_3.png using Guid(08b7a4d34a5e08f41b2f54f6d83e443d) Importer(815301076,1909f56bfc062723c751e8b465ee728b)  -> (artifact id: '8eae87f77c7ce81b55a5e7eff9714cec') in 0.019928 seconds 
========================================================================
Received Import Request.
  Time since last request: 2.048580 seconds.
  path: Assets/ibah555TexturePack/Grass/GrassTexture.png
  artifactKey: Guid(28643b0337a394249a42bf2c754be584) Importer(815301076,1909f56bfc062723c751e8b465ee728b)
Start importing Assets/ibah555TexturePack/Grass/GrassTexture.png using Guid(28643b0337a394249a42bf2c754be584) Importer(815301076,1909f56bfc062723c751e8b465ee728b)  -> (artifact id: '69e63a0c91853a8e338c9f87a35e170e') in 0.107089 seconds 
========================================================================
Received Import Request.
  Time since last request: 0.000031 seconds.
  path: Assets/ibah555TexturePack/Grass/Tree.fbx
  artifactKey: Guid(5a9dd9f172dd2814a8caa9af3afe525a) Importer(815301076,1909f56bfc062723c751e8b465ee728b)
Start importing Assets/ibah555TexturePack/Grass/Tree.fbx using Guid(5a9dd9f172dd2814a8caa9af3afe525a) Importer(815301076,1909f56bfc062723c751e8b465ee728b)  -> (artifact id: '8314917322c22d2533327694c438f485') in 0.125212 seconds 
========================================================================
Received Import Request.
  Time since last request: 0.000034 seconds.
  path: Assets/ibah555TexturePack/Grass/NewYearTreeTrunk.png
  artifactKey: Guid(60e770e51bfbdb2439171751039c725b) Importer(815301076,1909f56bfc062723c751e8b465ee728b)
Start importing Assets/ibah555TexturePack/Grass/NewYearTreeTrunk.png using Guid(60e770e51bfbdb2439171751039c725b) Importer(815301076,1909f56bfc062723c751e8b465ee728b)  -> (artifact id: '29f67e4ab996f76f0f43446219c1798a') in 0.019911 seconds 
========================================================================
Received Import Request.
  Time since last request: 0.000040 seconds.
  path: Assets/ibah555TexturePack/Grass/NewYearTreeLeaf.png
  artifactKey: Guid(0d5801be90cd5804e9d8a401c56bf9ba) Importer(815301076,1909f56bfc062723c751e8b465ee728b)
Start importing Assets/ibah555TexturePack/Grass/NewYearTreeLeaf.png using Guid(0d5801be90cd5804e9d8a401c56bf9ba) Importer(815301076,1909f56bfc062723c751e8b465ee728b)  -> (artifact id: 'f4ee476d33b5710c41f472fd36f8a958') in 0.018125 seconds 
========================================================================
Received Import Request.
  Time since last request: 30.150619 seconds.
  path: Assets/ibah555TexturePack/Fence&Rocks/GroupLiitleRock.fbx
  artifactKey: Guid(44a1bf20c27524843b1560364e786ab3) Importer(815301076,1909f56bfc062723c751e8b465ee728b)
Start importing Assets/ibah555TexturePack/Fence&Rocks/GroupLiitleRock.fbx using Guid(44a1bf20c27524843b1560364e786ab3) Importer(815301076,1909f56bfc062723c751e8b465ee728b)  -> (artifact id: 'dfe8e5db6ce172d1196b2e136173c200') in 0.321186 seconds 
========================================================================
Received Import Request.
  Time since last request: 0.000029 seconds.
  path: Assets/ibah555TexturePack/Fence&Rocks/RoksTexture_2.png
  artifactKey: Guid(a14d0d76fbfa13142948bdc6a981059a) Importer(815301076,1909f56bfc062723c751e8b465ee728b)
Start importing Assets/ibah555TexturePack/Fence&Rocks/RoksTexture_2.png using Guid(a14d0d76fbfa13142948bdc6a981059a) Importer(815301076,1909f56bfc062723c751e8b465ee728b)  -> (artifact id: '8895c29689968340470f8048d49156e2') in 0.024524 seconds 
========================================================================
Received Import Request.
  Time since last request: 0.000036 seconds.
  path: Assets/ibah555TexturePack/Fence&Rocks/MiddleRock.fbx
  artifactKey: Guid(6d0df214694022047b4887735b9c5c20) Importer(815301076,1909f56bfc062723c751e8b465ee728b)
Start importing Assets/ibah555TexturePack/Fence&Rocks/MiddleRock.fbx using Guid(6d0df214694022047b4887735b9c5c20) Importer(815301076,1909f56bfc062723c751e8b465ee728b)  -> (artifact id: '9bb8fd41b6851be2d58f6447655abf05') in 0.030318 seconds 
========================================================================
Received Import Request.
  Time since last request: 0.000028 seconds.
  path: Assets/ibah555TexturePack/Fence&Rocks/RoksTexture_1.png
  artifactKey: Guid(13731dcf8e40cf24a8829f41815e4df6) Importer(815301076,1909f56bfc062723c751e8b465ee728b)
Start importing Assets/ibah555TexturePack/Fence&Rocks/RoksTexture_1.png using Guid(13731dcf8e40cf24a8829f41815e4df6) Importer(815301076,1909f56bfc062723c751e8b465ee728b)  -> (artifact id: 'da2a6ef4d1c1066c7e418e0442f5b7b4') in 0.019655 seconds 
========================================================================
Received Import Request.
  Time since last request: 0.000025 seconds.
  path: Assets/ibah555TexturePack/Fence&Rocks/Try1Fence.fbx
  artifactKey: Guid(16342d110acd6954e80b8a2c26f7bf9e) Importer(815301076,1909f56bfc062723c751e8b465ee728b)
Start importing Assets/ibah555TexturePack/Fence&Rocks/Try1Fence.fbx using Guid(16342d110acd6954e80b8a2c26f7bf9e) Importer(815301076,1909f56bfc062723c751e8b465ee728b)  -> (artifact id: '43b3a3b4f4006eb01c64b21d9034b91f') in 0.161636 seconds 
========================================================================
Received Import Request.
  Time since last request: 9.093492 seconds.
  path: Assets/ibah555TexturePack/Fence&Rocks/Materials/RoksTexture_1.mat
  artifactKey: Guid(cf34b29e5cd09554eb488a89ceb01c0f) Importer(815301076,1909f56bfc062723c751e8b465ee728b)
Start importing Assets/ibah555TexturePack/Fence&Rocks/Materials/RoksTexture_1.mat using Guid(cf34b29e5cd09554eb488a89ceb01c0f) Importer(815301076,1909f56bfc062723c751e8b465ee728b)  -> (artifact id: '44eacbc316e106127f862aeea2f7f049') in 0.014369 seconds 
========================================================================
Received Import Request.
  Time since last request: 0.000031 seconds.
  path: Assets/ibah555TexturePack/Fence&Rocks/Materials/RoskTexture_3.mat
  artifactKey: Guid(41ca292ceda4dd148a465ee479c80331) Importer(815301076,1909f56bfc062723c751e8b465ee728b)
Start importing Assets/ibah555TexturePack/Fence&Rocks/Materials/RoskTexture_3.mat using Guid(41ca292ceda4dd148a465ee479c80331) Importer(815301076,1909f56bfc062723c751e8b465ee728b)  -> (artifact id: '1a7b55981d8bb3725ed62d90f53ae3f0') in 0.012437 seconds 
========================================================================
Received Import Request.
  Time since last request: 24.238505 seconds.
  path: Assets/Character/CharacterModel.fbx
  artifactKey: Guid(1d60cd11ce17e5340b1e9aca108f0709) Importer(815301076,1909f56bfc062723c751e8b465ee728b)
Start importing Assets/Character/CharacterModel.fbx using Guid(1d60cd11ce17e5340b1e9aca108f0709) Importer(815301076,1909f56bfc062723c751e8b465ee728b)  -> (artifact id: 'd550f8151b9bb8a5afb09f25a134e769') in 0.246361 seconds 
========================================================================
Received Import Request.
  Time since last request: 0.000028 seconds.
  path: Assets/Character/Idle.fbx
  artifactKey: Guid(20780d5669f7e344ab40cade7c058eb0) Importer(815301076,1909f56bfc062723c751e8b465ee728b)
Start importing Assets/Character/Idle.fbx using Guid(20780d5669f7e344ab40cade7c058eb0) Importer(815301076,1909f56bfc062723c751e8b465ee728b)  -> (artifact id: '7a500b16563a314cce0e8abdbad32cf7') in 0.016141 seconds 
========================================================================
Received Import Request.
  Time since last request: 0.000056 seconds.
  path: Assets/Character/MoveTime.fbx
  artifactKey: Guid(cc0be2d217c4fb3489153d9e426e01a0) Importer(815301076,1909f56bfc062723c751e8b465ee728b)
Start importing Assets/Character/MoveTime.fbx using Guid(cc0be2d217c4fb3489153d9e426e01a0) Importer(815301076,1909f56bfc062723c751e8b465ee728b)  -> (artifact id: '0c208f26c8bda4b12578fd1c783e9dbc') in 0.016989 seconds 
========================================================================
Received Import Request.
  Time since last request: 0.000030 seconds.
  path: Assets/Character/MoveBoxLeftWalk.fbx
  artifactKey: Guid(7f8b76b9cfba48c4796460a073900a63) Importer(815301076,1909f56bfc062723c751e8b465ee728b)
Start importing Assets/Character/MoveBoxLeftWalk.fbx using Guid(7f8b76b9cfba48c4796460a073900a63) Importer(815301076,1909f56bfc062723c751e8b465ee728b)  -> (artifact id: 'a83b92d60004f2b426154f9549b71ac9') in 0.014802 seconds 
========================================================================
Received Import Request.
  Time since last request: 0.000026 seconds.
  path: Assets/Character/HitToBody.fbx
  artifactKey: Guid(cf03bdea8c04694409dba64a9968f7fb) Importer(815301076,1909f56bfc062723c751e8b465ee728b)
Start importing Assets/Character/HitToBody.fbx using Guid(cf03bdea8c04694409dba64a9968f7fb) Importer(815301076,1909f56bfc062723c751e8b465ee728b)  -> (artifact id: 'cec7d0de6ecff0fe86a010857c85db91') in 0.017161 seconds 
========================================================================
Received Import Request.
  Time since last request: 0.000030 seconds.
  path: Assets/Character/Running.fbx
  artifactKey: Guid(f97d8cb42dc454947aa9beab217dbf0e) Importer(815301076,1909f56bfc062723c751e8b465ee728b)
Start importing Assets/Character/Running.fbx using Guid(f97d8cb42dc454947aa9beab217dbf0e) Importer(815301076,1909f56bfc062723c751e8b465ee728b)  -> (artifact id: 'd6329e1ed75f15883cb492ae77712909') in 0.016690 seconds 
Editor requested this worker to shutdown with reason: Scaling down because of idle timeout
AssetImportWorker is now disconnected from the server
Process exiting
Exiting without the bug reporter. Application will terminate with return code 0
>>>>>>> Stashed changes
